{"/home/travis/build/npmtest/node-npmtest-styled-components/test.js":{"path":"/home/travis/build/npmtest/node-npmtest-styled-components/test.js","s":{"1":2,"2":2,"3":2,"4":2,"5":2,"6":2,"7":2,"8":1,"9":2,"10":2,"11":1,"12":1,"13":1,"14":1,"15":2,"16":2,"17":2,"18":2,"19":1,"20":1,"21":2,"22":2,"23":2,"24":1,"25":1,"26":1,"27":1,"28":1,"29":1,"30":1,"31":1,"32":1,"33":1,"34":1,"35":1,"36":1,"37":1,"38":1,"39":2,"40":2,"41":1,"42":2,"43":2,"44":1,"45":2,"46":2,"47":1,"48":2,"49":2,"50":1,"51":1,"52":1,"53":1,"54":1},"b":{"1":[2,1,1,1],"2":[1,1,1,1],"3":[1,1],"4":[1,1],"5":[1,1],"6":[1,1],"7":[1,1],"8":[1,1],"9":[1,1],"10":[1,1,1],"11":[1,1],"12":[1,1],"13":[1,1],"14":[1,1],"15":[1,1],"16":[1,1],"17":[1,1]},"f":{"1":2,"2":2,"3":2,"4":2,"5":2,"6":1,"7":1,"8":1,"9":2,"10":2,"11":2,"12":2,"13":1},"fnMap":{"1":{"name":"(anonymous_1)","line":12,"loc":{"start":{"line":12,"column":1},"end":{"line":12,"column":13}}},"2":{"name":"(anonymous_2)","line":19,"loc":{"start":{"line":19,"column":5},"end":{"line":19,"column":17}}},"3":{"name":"(anonymous_3)","line":23,"loc":{"start":{"line":23,"column":24},"end":{"line":23,"column":36}}},"4":{"name":"(anonymous_4)","line":61,"loc":{"start":{"line":61,"column":5},"end":{"line":61,"column":17}}},"5":{"name":"(anonymous_5)","line":82,"loc":{"start":{"line":82,"column":5},"end":{"line":82,"column":17}}},"6":{"name":"(anonymous_6)","line":91,"loc":{"start":{"line":91,"column":77},"end":{"line":94,"column":10}}},"7":{"name":"(anonymous_7)","line":112,"loc":{"start":{"line":112,"column":83},"end":{"line":115,"column":10}},"skip":true},"8":{"name":"(anonymous_8)","line":123,"loc":{"start":{"line":123,"column":77},"end":{"line":126,"column":10}},"skip":true},"9":{"name":"(anonymous_9)","line":139,"loc":{"start":{"line":139,"column":12},"end":{"line":139,"column":40}},"skip":true},"10":{"name":"(anonymous_10)","line":147,"loc":{"start":{"line":147,"column":77},"end":{"line":150,"column":10}},"skip":true},"11":{"name":"(anonymous_11)","line":158,"loc":{"start":{"line":158,"column":83},"end":{"line":161,"column":10}},"skip":true},"12":{"name":"(anonymous_12)","line":169,"loc":{"start":{"line":169,"column":79},"end":{"line":172,"column":10}},"skip":true},"13":{"name":"(anonymous_13)","line":180,"loc":{"start":{"line":180,"column":75},"end":{"line":183,"column":10}},"skip":true}},"statementMap":{"1":{"start":{"line":12,"column":0},"end":{"line":195,"column":5}},"2":{"start":{"line":14,"column":4},"end":{"line":14,"column":14}},"3":{"start":{"line":19,"column":4},"end":{"line":56,"column":9}},"4":{"start":{"line":21,"column":8},"end":{"line":21,"column":19}},"5":{"start":{"line":23,"column":8},"end":{"line":35,"column":13}},"6":{"start":{"line":24,"column":12},"end":{"line":34,"column":13}},"7":{"start":{"line":25,"column":16},"end":{"line":28,"column":30}},"8":{"start":{"line":30,"column":16},"end":{"line":33,"column":27}},"9":{"start":{"line":37,"column":8},"end":{"line":39,"column":21}},"10":{"start":{"line":40,"column":8},"end":{"line":53,"column":9}},"11":{"start":{"line":43,"column":12},"end":{"line":46,"column":14}},"12":{"start":{"line":47,"column":12},"end":{"line":47,"column":18}},"13":{"start":{"line":50,"column":12},"end":{"line":51,"column":33}},"14":{"start":{"line":52,"column":12},"end":{"line":52,"column":18}},"15":{"start":{"line":55,"column":8},"end":{"line":55,"column":35}},"16":{"start":{"line":61,"column":4},"end":{"line":63,"column":9}},"17":{"start":{"line":62,"column":8},"end":{"line":62,"column":15}},"18":{"start":{"line":64,"column":4},"end":{"line":77,"column":5}},"19":{"start":{"line":70,"column":8},"end":{"line":70,"column":14}},"20":{"start":{"line":76,"column":8},"end":{"line":76,"column":14}},"21":{"start":{"line":82,"column":4},"end":{"line":84,"column":9}},"22":{"start":{"line":83,"column":8},"end":{"line":83,"column":15}},"23":{"start":{"line":85,"column":4},"end":{"line":194,"column":5}},"24":{"start":{"line":91,"column":8},"end":{"line":99,"column":10}},"25":{"start":{"line":98,"column":12},"end":{"line":98,"column":35}},"26":{"start":{"line":102,"column":8},"end":{"line":104,"column":63}},"27":{"start":{"line":105,"column":8},"end":{"line":105,"column":14}},"28":{"start":{"line":112,"column":8},"end":{"line":121,"column":10},"skip":true},"29":{"start":{"line":119,"column":12},"end":{"line":119,"column":55},"skip":true},"30":{"start":{"line":120,"column":12},"end":{"line":120,"column":48},"skip":true},"31":{"start":{"line":123,"column":8},"end":{"line":136,"column":10},"skip":true},"32":{"start":{"line":130,"column":12},"end":{"line":130,"column":76},"skip":true},"33":{"start":{"line":131,"column":12},"end":{"line":131,"column":73},"skip":true},"34":{"start":{"line":132,"column":12},"end":{"line":132,"column":74},"skip":true},"35":{"start":{"line":133,"column":12},"end":{"line":133,"column":79},"skip":true},"36":{"start":{"line":134,"column":12},"end":{"line":134,"column":25},"skip":true},"37":{"start":{"line":135,"column":12},"end":{"line":135,"column":45},"skip":true},"38":{"start":{"line":138,"column":8},"end":{"line":145,"column":14},"skip":true},"39":{"start":{"line":143,"column":16},"end":{"line":143,"column":29},"skip":true},"40":{"start":{"line":144,"column":16},"end":{"line":144,"column":55},"skip":true},"41":{"start":{"line":147,"column":8},"end":{"line":156,"column":10},"skip":true},"42":{"start":{"line":154,"column":12},"end":{"line":154,"column":25},"skip":true},"43":{"start":{"line":155,"column":12},"end":{"line":155,"column":45},"skip":true},"44":{"start":{"line":158,"column":8},"end":{"line":167,"column":10},"skip":true},"45":{"start":{"line":165,"column":12},"end":{"line":165,"column":25},"skip":true},"46":{"start":{"line":166,"column":12},"end":{"line":166,"column":48},"skip":true},"47":{"start":{"line":169,"column":8},"end":{"line":178,"column":10},"skip":true},"48":{"start":{"line":176,"column":12},"end":{"line":176,"column":25},"skip":true},"49":{"start":{"line":177,"column":12},"end":{"line":177,"column":46},"skip":true},"50":{"start":{"line":180,"column":8},"end":{"line":189,"column":10},"skip":true},"51":{"start":{"line":187,"column":12},"end":{"line":187,"column":94},"skip":true},"52":{"start":{"line":188,"column":12},"end":{"line":188,"column":48},"skip":true},"53":{"start":{"line":192,"column":8},"end":{"line":192,"column":35},"skip":true},"54":{"start":{"line":193,"column":8},"end":{"line":193,"column":14},"skip":true}},"branchMap":{"1":{"line":25,"type":"binary-expr","locations":[{"start":{"line":25,"column":23},"end":{"line":25,"column":62}},{"start":{"line":26,"column":20},"end":{"line":26,"column":70}},{"start":{"line":27,"column":20},"end":{"line":27,"column":71}},{"start":{"line":28,"column":20},"end":{"line":28,"column":29}}]},"2":{"line":30,"type":"binary-expr","locations":[{"start":{"line":30,"column":23},"end":{"line":30,"column":37}},{"start":{"line":31,"column":20},"end":{"line":31,"column":61}},{"start":{"line":32,"column":20},"end":{"line":32,"column":70}},{"start":{"line":33,"column":20},"end":{"line":33,"column":26}}]},"3":{"line":37,"type":"cond-expr","locations":[{"start":{"line":38,"column":14},"end":{"line":38,"column":20}},{"start":{"line":39,"column":14},"end":{"line":39,"column":20}}]},"4":{"line":40,"type":"switch","locations":[{"start":{"line":42,"column":8},"end":{"line":47,"column":18}},{"start":{"line":49,"column":8},"end":{"line":52,"column":18}}]},"5":{"line":44,"type":"binary-expr","locations":[{"start":{"line":44,"column":16},"end":{"line":44,"column":44}},{"start":{"line":44,"column":48},"end":{"line":44,"column":66}}]},"6":{"line":50,"type":"binary-expr","locations":[{"start":{"line":50,"column":21},"end":{"line":50,"column":49}},{"start":{"line":50,"column":53},"end":{"line":50,"column":72}}]},"7":{"line":64,"type":"switch","locations":[{"start":{"line":69,"column":4},"end":{"line":70,"column":14}},{"start":{"line":75,"column":4},"end":{"line":76,"column":14}}]},"8":{"line":85,"type":"switch","locations":[{"start":{"line":90,"column":4},"end":{"line":105,"column":14}},{"start":{"line":111,"column":4},"end":{"line":193,"column":14},"skip":true}]},"9":{"line":91,"type":"binary-expr","locations":[{"start":{"line":91,"column":42},"end":{"line":91,"column":73}},{"start":{"line":91,"column":77},"end":{"line":99,"column":9}}]},"10":{"line":102,"type":"binary-expr","locations":[{"start":{"line":102,"column":18},"end":{"line":102,"column":32}},{"start":{"line":103,"column":12},"end":{"line":103,"column":53}},{"start":{"line":104,"column":12},"end":{"line":104,"column":61}}]},"11":{"line":112,"type":"binary-expr","locations":[{"start":{"line":112,"column":45},"end":{"line":112,"column":79},"skip":true},{"start":{"line":112,"column":83},"end":{"line":121,"column":9},"skip":true}]},"12":{"line":123,"type":"binary-expr","locations":[{"start":{"line":123,"column":42},"end":{"line":123,"column":73},"skip":true},{"start":{"line":123,"column":77},"end":{"line":136,"column":9},"skip":true}]},"13":{"line":138,"type":"binary-expr","locations":[{"start":{"line":138,"column":48},"end":{"line":138,"column":85},"skip":true},{"start":{"line":139,"column":12},"end":{"line":145,"column":13},"skip":true}]},"14":{"line":147,"type":"binary-expr","locations":[{"start":{"line":147,"column":42},"end":{"line":147,"column":73},"skip":true},{"start":{"line":147,"column":77},"end":{"line":156,"column":9},"skip":true}]},"15":{"line":158,"type":"binary-expr","locations":[{"start":{"line":158,"column":45},"end":{"line":158,"column":79},"skip":true},{"start":{"line":158,"column":83},"end":{"line":167,"column":9},"skip":true}]},"16":{"line":169,"type":"binary-expr","locations":[{"start":{"line":169,"column":43},"end":{"line":169,"column":75},"skip":true},{"start":{"line":169,"column":79},"end":{"line":178,"column":9},"skip":true}]},"17":{"line":180,"type":"binary-expr","locations":[{"start":{"line":180,"column":41},"end":{"line":180,"column":71},"skip":true},{"start":{"line":180,"column":75},"end":{"line":189,"column":9},"skip":true}]}},"code":["/* istanbul instrument in package npmtest_styled_components */","/*jslint","    bitwise: true,","    browser: true,","    maxerr: 8,","    maxlen: 96,","    node: true,","    nomen: true,","    regexp: true,","    stupid: true","*/","(function () {","    'use strict';","    var local;","","","","    // run shared js-env code - init-before","    (function () {","        // init local","        local = {};","        // init modeJs","        local.modeJs = (function () {","            try {","                return typeof navigator.userAgent === 'string' &&","                    typeof document.querySelector('body') === 'object' &&","                    typeof XMLHttpRequest.prototype.open === 'function' &&","                    'browser';","            } catch (errorCaughtBrowser) {","                return module.exports &&","                    typeof process.versions.node === 'string' &&","                    typeof require('http').createServer === 'function' &&","                    'node';","            }","        }());","        // init global","        local.global = local.modeJs === 'browser'","            ? window","            : global;","        switch (local.modeJs) {","        // re-init local from window.local","        case 'browser':","            local = local.global.utility2.objectSetDefault(","                local.global.utility2_rollup || local.global.local,","                local.global.utility2","            );","            break;","        // re-init local from example.js","        case 'node':","            local = (local.global.utility2_rollup || require('utility2'))","                .requireReadme();","            break;","        }","        // export local","        local.global.local = local;","    }());","","","","    // run shared js-env code - function","    (function () {","        return;","    }());","    switch (local.modeJs) {","","","","    // run browser js-env code - function","    case 'browser':","        break;","","","","    // run node js-env code - function","    case 'node':","        break;","    }","","","","    // run shared js-env code - init-after","    (function () {","        return;","    }());","    switch (local.modeJs) {","","","","    // run browser js-env code - init-after","    case 'browser':","        local.testCase_browser_nullCase = local.testCase_browser_nullCase || function (","            options,","            onError","        ) {","        /*","         * this function will test browsers's null-case handling-behavior-behavior","         */","            onError(null, options);","        };","","        // run tests","        local.nop(local.modeTest &&","            document.querySelector('#testRunButton1') &&","            document.querySelector('#testRunButton1').click());","        break;","","","","    // run node js-env code - init-after","    /* istanbul ignore next */","    case 'node':","        local.testCase_buildApidoc_default = local.testCase_buildApidoc_default || function (","            options,","            onError","        ) {","        /*","         * this function will test buildApidoc's default handling-behavior-behavior","         */","            options = { modulePathList: module.paths };","            local.buildApidoc(options, onError);","        };","","        local.testCase_buildApp_default = local.testCase_buildApp_default || function (","            options,","            onError","        ) {","        /*","         * this function will test buildApp's default handling-behavior-behavior","         */","            local.testCase_buildReadme_default(options, local.onErrorThrow);","            local.testCase_buildLib_default(options, local.onErrorThrow);","            local.testCase_buildTest_default(options, local.onErrorThrow);","            local.testCase_buildCustomOrg_default(options, local.onErrorThrow);","            options = [];","            local.buildApp(options, onError);","        };","","        local.testCase_buildCustomOrg_default = local.testCase_buildCustomOrg_default ||","            function (options, onError) {","            /*","             * this function will test buildCustomOrg's default handling-behavior","             */","                options = {};","                local.buildCustomOrg(options, onError);","            };","","        local.testCase_buildLib_default = local.testCase_buildLib_default || function (","            options,","            onError","        ) {","        /*","         * this function will test buildLib's default handling-behavior","         */","            options = {};","            local.buildLib(options, onError);","        };","","        local.testCase_buildReadme_default = local.testCase_buildReadme_default || function (","            options,","            onError","        ) {","        /*","         * this function will test buildReadme's default handling-behavior-behavior","         */","            options = {};","            local.buildReadme(options, onError);","        };","","        local.testCase_buildTest_default = local.testCase_buildTest_default || function (","            options,","            onError","        ) {","        /*","         * this function will test buildTest's default handling-behavior","         */","            options = {};","            local.buildTest(options, onError);","        };","","        local.testCase_webpage_default = local.testCase_webpage_default || function (","            options,","            onError","        ) {","        /*","         * this function will test webpage's default handling-behavior","         */","            options = { modeCoverageMerge: true, url: local.serverLocalHost + '?modeTest=1' };","            local.browserTest(options, onError);","        };","","        // run test-server","        local.testRunServer(local);","        break;","    }","}());",""],"l":{"12":2,"14":2,"19":2,"21":2,"23":2,"24":2,"25":2,"30":1,"37":2,"40":2,"43":1,"47":1,"50":1,"52":1,"55":2,"61":2,"62":2,"64":2,"70":1,"76":1,"82":2,"83":2,"85":2,"91":1,"98":1,"102":1,"105":1,"112":1,"119":1,"120":1,"123":1,"130":1,"131":1,"132":1,"133":1,"134":1,"135":1,"138":1,"143":2,"144":2,"147":1,"154":2,"155":2,"158":1,"165":2,"166":2,"169":1,"176":2,"177":2,"180":1,"187":1,"188":1,"192":1,"193":1}},"/home/travis/build/npmtest/node-npmtest-styled-components/lib.npmtest_styled_components.js":{"path":"/home/travis/build/npmtest/node-npmtest-styled-components/lib.npmtest_styled_components.js","s":{"1":2,"2":2,"3":2,"4":2,"5":2,"6":2,"7":2,"8":1,"9":2,"10":2,"11":2,"12":2,"13":1,"14":1,"15":1,"16":1},"b":{"1":[2,1,1,1],"2":[1,1,1,1],"3":[1,1],"4":[2,2],"5":[1,1]},"f":{"1":2,"2":2,"3":2},"fnMap":{"1":{"name":"(anonymous_1)","line":12,"loc":{"start":{"line":12,"column":1},"end":{"line":12,"column":13}}},"2":{"name":"(anonymous_2)","line":19,"loc":{"start":{"line":19,"column":5},"end":{"line":19,"column":17}}},"3":{"name":"(anonymous_3)","line":23,"loc":{"start":{"line":23,"column":24},"end":{"line":23,"column":36}}}},"statementMap":{"1":{"start":{"line":12,"column":0},"end":{"line":53,"column":5}},"2":{"start":{"line":14,"column":4},"end":{"line":14,"column":14}},"3":{"start":{"line":19,"column":4},"end":{"line":52,"column":9}},"4":{"start":{"line":21,"column":8},"end":{"line":21,"column":19}},"5":{"start":{"line":23,"column":8},"end":{"line":35,"column":13}},"6":{"start":{"line":24,"column":12},"end":{"line":34,"column":13}},"7":{"start":{"line":25,"column":16},"end":{"line":28,"column":30}},"8":{"start":{"line":30,"column":16},"end":{"line":33,"column":27}},"9":{"start":{"line":37,"column":8},"end":{"line":39,"column":21}},"10":{"start":{"line":41,"column":8},"end":{"line":41,"column":54}},"11":{"start":{"line":43,"column":8},"end":{"line":43,"column":62}},"12":{"start":{"line":45,"column":8},"end":{"line":51,"column":9}},"13":{"start":{"line":46,"column":12},"end":{"line":46,"column":68}},"14":{"start":{"line":48,"column":12},"end":{"line":48,"column":35}},"15":{"start":{"line":49,"column":12},"end":{"line":49,"column":49}},"16":{"start":{"line":50,"column":12},"end":{"line":50,"column":43}}},"branchMap":{"1":{"line":25,"type":"binary-expr","locations":[{"start":{"line":25,"column":23},"end":{"line":25,"column":62}},{"start":{"line":26,"column":20},"end":{"line":26,"column":70}},{"start":{"line":27,"column":20},"end":{"line":27,"column":71}},{"start":{"line":28,"column":20},"end":{"line":28,"column":29}}]},"2":{"line":30,"type":"binary-expr","locations":[{"start":{"line":30,"column":23},"end":{"line":30,"column":37}},{"start":{"line":31,"column":20},"end":{"line":31,"column":61}},{"start":{"line":32,"column":20},"end":{"line":32,"column":70}},{"start":{"line":33,"column":20},"end":{"line":33,"column":26}}]},"3":{"line":37,"type":"cond-expr","locations":[{"start":{"line":38,"column":14},"end":{"line":38,"column":20}},{"start":{"line":39,"column":14},"end":{"line":39,"column":20}}]},"4":{"line":41,"type":"binary-expr","locations":[{"start":{"line":41,"column":16},"end":{"line":41,"column":44}},{"start":{"line":41,"column":48},"end":{"line":41,"column":53}}]},"5":{"line":45,"type":"if","locations":[{"start":{"line":45,"column":8},"end":{"line":45,"column":8}},{"start":{"line":45,"column":8},"end":{"line":45,"column":8}}]}},"code":["/* istanbul instrument in package npmtest_styled_components */","/*jslint","    bitwise: true,","    browser: true,","    maxerr: 8,","    maxlen: 96,","    node: true,","    nomen: true,","    regexp: true,","    stupid: true","*/","(function () {","    'use strict';","    var local;","","","","    // run shared js-env code - init-before","    (function () {","        // init local","        local = {};","        // init modeJs","        local.modeJs = (function () {","            try {","                return typeof navigator.userAgent === 'string' &&","                    typeof document.querySelector('body') === 'object' &&","                    typeof XMLHttpRequest.prototype.open === 'function' &&","                    'browser';","            } catch (errorCaughtBrowser) {","                return module.exports &&","                    typeof process.versions.node === 'string' &&","                    typeof require('http').createServer === 'function' &&","                    'node';","            }","        }());","        // init global","        local.global = local.modeJs === 'browser'","            ? window","            : global;","        // init utility2_rollup","        local = local.global.utility2_rollup || local;","        // init lib","        local.local = local.npmtest_styled_components = local;","        // init exports","        if (local.modeJs === 'browser') {","            local.global.utility2_npmtest_styled_components = local;","        } else {","            module.exports = local;","            module.exports.__dirname = __dirname;","            module.exports.module = module;","        }","    }());","}());",""],"l":{"12":2,"14":2,"19":2,"21":2,"23":2,"24":2,"25":2,"30":1,"37":2,"41":2,"43":2,"45":2,"46":1,"48":1,"49":1,"50":1}},"/home/travis/build/npmtest/node-npmtest-styled-components/example.js":{"path":"/home/travis/build/npmtest/node-npmtest-styled-components/example.js","s":{"1":2,"2":2,"3":2,"4":2,"5":2,"6":2,"7":2,"8":1,"9":2,"10":2,"11":2,"12":2,"13":1,"14":2,"15":2,"16":2,"17":2,"18":2,"19":0,"20":2,"21":1,"22":1,"23":1,"24":1,"25":1,"26":0,"27":0,"28":1,"29":1,"30":2,"31":0,"32":0,"33":0,"34":1,"35":2,"36":2,"37":3,"38":3,"39":3,"40":3,"41":0,"42":3,"43":3,"44":3,"45":1,"46":3,"47":1,"48":1,"49":1,"50":1,"51":1,"52":1,"53":1,"54":1,"55":1,"56":1,"57":0,"58":1,"59":6,"60":6,"61":1,"62":2,"63":0,"64":2,"65":1,"66":1,"67":0,"68":0,"69":0,"70":0,"71":0,"72":0,"73":0,"74":0,"75":0,"76":0,"77":0,"78":0,"79":0,"80":0,"81":0,"82":0,"83":0},"b":{"1":[2,1,1,1],"2":[1,1,1,1],"3":[1,1],"4":[2,2],"5":[1,1],"6":[1,1],"7":[2,0],"8":[2,1,1,1,1,1],"9":[0,2,0],"10":[1,1],"11":[2,1,1],"12":[1,0],"13":[0,2],"14":[2,0,0,0,0,0,0],"15":[0,3],"16":[3,0],"17":[1,1],"18":[0,1],"19":[1,2,0,2],"20":[1,0],"21":[1,1],"22":[0,0],"23":[0,0],"24":[0,0],"25":[0,0],"26":[0,0],"27":[0,0],"28":[0,0]},"f":{"1":2,"2":2,"3":2,"4":2,"5":2,"6":2,"7":3,"8":3,"9":3,"10":1,"11":6,"12":0},"fnMap":{"1":{"name":"(anonymous_1)","line":26,"loc":{"start":{"line":26,"column":1},"end":{"line":26,"column":13}}},"2":{"name":"(anonymous_2)","line":33,"loc":{"start":{"line":33,"column":5},"end":{"line":33,"column":17}}},"3":{"name":"(anonymous_3)","line":37,"loc":{"start":{"line":37,"column":24},"end":{"line":37,"column":36}}},"4":{"name":"(anonymous_4)","line":69,"loc":{"start":{"line":69,"column":31},"end":{"line":69,"column":48}},"skip":true},"5":{"name":"(anonymous_5)","line":78,"loc":{"start":{"line":78,"column":26},"end":{"line":78,"column":45}},"skip":true},"6":{"name":"(anonymous_6)","line":123,"loc":{"start":{"line":123,"column":33},"end":{"line":123,"column":48}},"skip":true},"7":{"name":"(anonymous_7)","line":125,"loc":{"start":{"line":125,"column":27},"end":{"line":125,"column":39}},"skip":true},"8":{"name":"(anonymous_8)","line":133,"loc":{"start":{"line":133,"column":59},"end":{"line":133,"column":74}},"skip":true},"9":{"name":"(anonymous_9)","line":143,"loc":{"start":{"line":143,"column":45},"end":{"line":143,"column":62}},"skip":true},"10":{"name":"(anonymous_10)","line":144,"loc":{"start":{"line":144,"column":73},"end":{"line":144,"column":92}},"skip":true},"11":{"name":"(anonymous_11)","line":272,"loc":{"start":{"line":272,"column":51},"end":{"line":272,"column":77}},"skip":true},"12":{"name":"(anonymous_12)","line":315,"loc":{"start":{"line":315,"column":32},"end":{"line":315,"column":61}},"skip":true}},"statementMap":{"1":{"start":{"line":26,"column":0},"end":{"line":326,"column":5}},"2":{"start":{"line":28,"column":4},"end":{"line":28,"column":14}},"3":{"start":{"line":33,"column":4},"end":{"line":60,"column":9}},"4":{"start":{"line":35,"column":8},"end":{"line":35,"column":19}},"5":{"start":{"line":37,"column":8},"end":{"line":49,"column":13}},"6":{"start":{"line":38,"column":12},"end":{"line":48,"column":13}},"7":{"start":{"line":39,"column":16},"end":{"line":42,"column":30}},"8":{"start":{"line":44,"column":16},"end":{"line":47,"column":27}},"9":{"start":{"line":51,"column":8},"end":{"line":53,"column":21}},"10":{"start":{"line":55,"column":8},"end":{"line":57,"column":45}},"11":{"start":{"line":59,"column":8},"end":{"line":59,"column":35}},"12":{"start":{"line":61,"column":4},"end":{"line":325,"column":5}},"13":{"start":{"line":69,"column":8},"end":{"line":121,"column":10},"skip":true},"14":{"start":{"line":70,"column":12},"end":{"line":88,"column":13},"skip":true},"15":{"start":{"line":76,"column":16},"end":{"line":87,"column":19},"skip":true},"16":{"start":{"line":79,"column":20},"end":{"line":86,"column":21},"skip":true},"17":{"start":{"line":82,"column":24},"end":{"line":82,"column":43},"skip":true},"18":{"start":{"line":83,"column":24},"end":{"line":83,"column":30},"skip":true},"19":{"start":{"line":85,"column":24},"end":{"line":85,"column":49},"skip":true},"20":{"start":{"line":89,"column":12},"end":{"line":107,"column":13},"skip":true},"21":{"start":{"line":92,"column":16},"end":{"line":102,"column":17},"skip":true},"22":{"start":{"line":93,"column":20},"end":{"line":93,"column":86},"skip":true},"23":{"start":{"line":94,"column":20},"end":{"line":95,"column":45},"skip":true},"24":{"start":{"line":96,"column":20},"end":{"line":96,"column":42},"skip":true},"25":{"start":{"line":97,"column":20},"end":{"line":97,"column":48},"skip":true},"26":{"start":{"line":100,"column":20},"end":{"line":100,"column":85},"skip":true},"27":{"start":{"line":101,"column":20},"end":{"line":101,"column":96},"skip":true},"28":{"start":{"line":103,"column":16},"end":{"line":103,"column":22},"skip":true},"29":{"start":{"line":106,"column":16},"end":{"line":106,"column":22},"skip":true},"30":{"start":{"line":108,"column":12},"end":{"line":120,"column":13},"skip":true},"31":{"start":{"line":114,"column":16},"end":{"line":119,"column":17},"skip":true},"32":{"start":{"line":116,"column":20},"end":{"line":116,"column":78},"skip":true},"33":{"start":{"line":118,"column":20},"end":{"line":118,"column":47},"skip":true},"34":{"start":{"line":123,"column":8},"end":{"line":141,"column":11},"skip":true},"35":{"start":{"line":124,"column":12},"end":{"line":124,"column":54},"skip":true},"36":{"start":{"line":125,"column":12},"end":{"line":140,"column":14},"skip":true},"37":{"start":{"line":126,"column":16},"end":{"line":126,"column":28},"skip":true},"38":{"start":{"line":127,"column":16},"end":{"line":127,"column":69},"skip":true},"39":{"start":{"line":128,"column":16},"end":{"line":128,"column":75},"skip":true},"40":{"start":{"line":129,"column":16},"end":{"line":131,"column":17},"skip":true},"41":{"start":{"line":130,"column":20},"end":{"line":130,"column":27},"skip":true},"42":{"start":{"line":133,"column":16},"end":{"line":137,"column":36},"skip":true},"43":{"start":{"line":134,"column":20},"end":{"line":136,"column":55},"skip":true},"44":{"start":{"line":139,"column":16},"end":{"line":139,"column":57},"skip":true},"45":{"start":{"line":143,"column":8},"end":{"line":147,"column":11},"skip":true},"46":{"start":{"line":144,"column":12},"end":{"line":146,"column":15},"skip":true},"47":{"start":{"line":145,"column":16},"end":{"line":145,"column":70},"skip":true},"48":{"start":{"line":149,"column":8},"end":{"line":149,"column":31},"skip":true},"49":{"start":{"line":150,"column":8},"end":{"line":150,"column":14},"skip":true},"50":{"start":{"line":158,"column":8},"end":{"line":158,"column":31},"skip":true},"51":{"start":{"line":160,"column":8},"end":{"line":160,"column":33},"skip":true},"52":{"start":{"line":161,"column":8},"end":{"line":161,"column":37},"skip":true},"53":{"start":{"line":162,"column":8},"end":{"line":162,"column":35},"skip":true},"54":{"start":{"line":164,"column":8},"end":{"line":164,"column":50},"skip":true},"55":{"start":{"line":166,"column":8},"end":{"line":256,"column":2},"skip":true},"56":{"start":{"line":258,"column":8},"end":{"line":286,"column":9},"skip":true},"57":{"start":{"line":259,"column":12},"end":{"line":269,"column":14},"skip":true},"58":{"start":{"line":271,"column":12},"end":{"line":285,"column":19},"skip":true},"59":{"start":{"line":274,"column":20},"end":{"line":274,"column":35},"skip":true},"60":{"start":{"line":275,"column":20},"end":{"line":284,"column":21},"skip":true},"61":{"start":{"line":277,"column":24},"end":{"line":277,"column":64},"skip":true},"62":{"start":{"line":279,"column":24},"end":{"line":279,"column":40},"skip":true},"63":{"start":{"line":281,"column":24},"end":{"line":281,"column":40},"skip":true},"64":{"start":{"line":283,"column":24},"end":{"line":283,"column":39},"skip":true},"65":{"start":{"line":288,"column":8},"end":{"line":290,"column":9},"skip":true},"66":{"start":{"line":289,"column":12},"end":{"line":289,"column":18},"skip":true},"67":{"start":{"line":291,"column":8},"end":{"line":293,"column":54},"skip":true},"68":{"start":{"line":296,"column":8},"end":{"line":301,"column":37},"skip":true},"69":{"start":{"line":303,"column":8},"end":{"line":303,"column":82},"skip":true},"70":{"start":{"line":306,"column":8},"end":{"line":308,"column":9},"skip":true},"71":{"start":{"line":307,"column":12},"end":{"line":307,"column":82},"skip":true},"72":{"start":{"line":310,"column":8},"end":{"line":312,"column":9},"skip":true},"73":{"start":{"line":311,"column":12},"end":{"line":311,"column":18},"skip":true},"74":{"start":{"line":313,"column":8},"end":{"line":313,"column":54},"skip":true},"75":{"start":{"line":314,"column":8},"end":{"line":314,"column":69},"skip":true},"76":{"start":{"line":315,"column":8},"end":{"line":323,"column":36},"skip":true},"77":{"start":{"line":316,"column":12},"end":{"line":316,"column":61},"skip":true},"78":{"start":{"line":317,"column":12},"end":{"line":320,"column":13},"skip":true},"79":{"start":{"line":318,"column":16},"end":{"line":318,"column":75},"skip":true},"80":{"start":{"line":319,"column":16},"end":{"line":319,"column":23},"skip":true},"81":{"start":{"line":321,"column":12},"end":{"line":321,"column":38},"skip":true},"82":{"start":{"line":322,"column":12},"end":{"line":322,"column":27},"skip":true},"83":{"start":{"line":324,"column":8},"end":{"line":324,"column":14},"skip":true}},"branchMap":{"1":{"line":39,"type":"binary-expr","locations":[{"start":{"line":39,"column":23},"end":{"line":39,"column":62}},{"start":{"line":40,"column":20},"end":{"line":40,"column":70}},{"start":{"line":41,"column":20},"end":{"line":41,"column":71}},{"start":{"line":42,"column":20},"end":{"line":42,"column":29}}]},"2":{"line":44,"type":"binary-expr","locations":[{"start":{"line":44,"column":23},"end":{"line":44,"column":37}},{"start":{"line":45,"column":20},"end":{"line":45,"column":61}},{"start":{"line":46,"column":20},"end":{"line":46,"column":70}},{"start":{"line":47,"column":20},"end":{"line":47,"column":26}}]},"3":{"line":51,"type":"cond-expr","locations":[{"start":{"line":52,"column":14},"end":{"line":52,"column":20}},{"start":{"line":53,"column":14},"end":{"line":53,"column":20}}]},"4":{"line":55,"type":"binary-expr","locations":[{"start":{"line":55,"column":16},"end":{"line":55,"column":44}},{"start":{"line":55,"column":49},"end":{"line":57,"column":43}}]},"5":{"line":55,"type":"cond-expr","locations":[{"start":{"line":56,"column":14},"end":{"line":56,"column":61}},{"start":{"line":57,"column":14},"end":{"line":57,"column":43}}]},"6":{"line":61,"type":"switch","locations":[{"start":{"line":68,"column":4},"end":{"line":150,"column":14},"skip":true},{"start":{"line":156,"column":4},"end":{"line":324,"column":14},"skip":true}]},"7":{"line":70,"type":"if","locations":[{"start":{"line":70,"column":12},"end":{"line":70,"column":12},"skip":true},{"start":{"line":70,"column":12},"end":{"line":70,"column":12},"skip":true}]},"8":{"line":70,"type":"binary-expr","locations":[{"start":{"line":70,"column":16},"end":{"line":70,"column":22},"skip":true},{"start":{"line":70,"column":27},"end":{"line":70,"column":32},"skip":true},{"start":{"line":71,"column":20},"end":{"line":71,"column":39},"skip":true},{"start":{"line":72,"column":20},"end":{"line":72,"column":49},"skip":true},{"start":{"line":73,"column":20},"end":{"line":73,"column":58},"skip":true},{"start":{"line":74,"column":20},"end":{"line":74,"column":69},"skip":true}]},"9":{"line":79,"type":"switch","locations":[{"start":{"line":80,"column":20},"end":{"line":80,"column":33},"skip":true},{"start":{"line":81,"column":20},"end":{"line":83,"column":30},"skip":true},{"start":{"line":84,"column":20},"end":{"line":85,"column":49},"skip":true}]},"10":{"line":89,"type":"switch","locations":[{"start":{"line":90,"column":12},"end":{"line":103,"column":22},"skip":true},{"start":{"line":105,"column":12},"end":{"line":106,"column":22},"skip":true}]},"11":{"line":89,"type":"binary-expr","locations":[{"start":{"line":89,"column":20},"end":{"line":89,"column":25},"skip":true},{"start":{"line":89,"column":29},"end":{"line":89,"column":48},"skip":true},{"start":{"line":89,"column":52},"end":{"line":89,"column":74},"skip":true}]},"12":{"line":92,"type":"if","locations":[{"start":{"line":92,"column":16},"end":{"line":92,"column":16},"skip":true},{"start":{"line":92,"column":16},"end":{"line":92,"column":16},"skip":true}]},"13":{"line":108,"type":"if","locations":[{"start":{"line":108,"column":12},"end":{"line":108,"column":12},"skip":true},{"start":{"line":108,"column":12},"end":{"line":108,"column":12},"skip":true}]},"14":{"line":108,"type":"binary-expr","locations":[{"start":{"line":108,"column":16},"end":{"line":108,"column":61},"skip":true},{"start":{"line":108,"column":66},"end":{"line":108,"column":72},"skip":true},{"start":{"line":108,"column":77},"end":{"line":108,"column":82},"skip":true},{"start":{"line":109,"column":20},"end":{"line":109,"column":39},"skip":true},{"start":{"line":110,"column":20},"end":{"line":110,"column":49},"skip":true},{"start":{"line":111,"column":20},"end":{"line":111,"column":58},"skip":true},{"start":{"line":112,"column":20},"end":{"line":112,"column":68},"skip":true}]},"15":{"line":129,"type":"if","locations":[{"start":{"line":129,"column":16},"end":{"line":129,"column":16},"skip":true},{"start":{"line":129,"column":16},"end":{"line":129,"column":16},"skip":true}]},"16":{"line":134,"type":"cond-expr","locations":[{"start":{"line":135,"column":26},"end":{"line":135,"column":29},"skip":true},{"start":{"line":136,"column":26},"end":{"line":136,"column":54},"skip":true}]},"17":{"line":164,"type":"binary-expr","locations":[{"start":{"line":164,"column":27},"end":{"line":164,"column":43},"skip":true},{"start":{"line":164,"column":47},"end":{"line":164,"column":49},"skip":true}]},"18":{"line":258,"type":"if","locations":[{"start":{"line":258,"column":8},"end":{"line":258,"column":8},"skip":true},{"start":{"line":258,"column":8},"end":{"line":258,"column":8},"skip":true}]},"19":{"line":275,"type":"switch","locations":[{"start":{"line":276,"column":20},"end":{"line":277,"column":64},"skip":true},{"start":{"line":278,"column":20},"end":{"line":279,"column":40},"skip":true},{"start":{"line":280,"column":20},"end":{"line":281,"column":40},"skip":true},{"start":{"line":282,"column":20},"end":{"line":283,"column":39},"skip":true}]},"20":{"line":288,"type":"if","locations":[{"start":{"line":288,"column":8},"end":{"line":288,"column":8},"skip":true},{"start":{"line":288,"column":8},"end":{"line":288,"column":8},"skip":true}]},"21":{"line":288,"type":"binary-expr","locations":[{"start":{"line":288,"column":12},"end":{"line":288,"column":40},"skip":true},{"start":{"line":288,"column":44},"end":{"line":288,"column":67},"skip":true}]},"22":{"line":292,"type":"binary-expr","locations":[{"start":{"line":292,"column":12},"end":{"line":292,"column":50},"skip":true},{"start":{"line":293,"column":12},"end":{"line":293,"column":53},"skip":true}]},"23":{"line":297,"type":"binary-expr","locations":[{"start":{"line":297,"column":12},"end":{"line":297,"column":75},"skip":true},{"start":{"line":298,"column":12},"end":{"line":301,"column":36},"skip":true}]},"24":{"line":303,"type":"binary-expr","locations":[{"start":{"line":303,"column":43},"end":{"line":303,"column":75},"skip":true},{"start":{"line":303,"column":79},"end":{"line":303,"column":81},"skip":true}]},"25":{"line":306,"type":"if","locations":[{"start":{"line":306,"column":8},"end":{"line":306,"column":8},"skip":true},{"start":{"line":306,"column":8},"end":{"line":306,"column":8},"skip":true}]},"26":{"line":310,"type":"if","locations":[{"start":{"line":310,"column":8},"end":{"line":310,"column":8},"skip":true},{"start":{"line":310,"column":8},"end":{"line":310,"column":8},"skip":true}]},"27":{"line":313,"type":"binary-expr","locations":[{"start":{"line":313,"column":27},"end":{"line":313,"column":43},"skip":true},{"start":{"line":313,"column":47},"end":{"line":313,"column":53},"skip":true}]},"28":{"line":317,"type":"if","locations":[{"start":{"line":317,"column":12},"end":{"line":317,"column":12},"skip":true},{"start":{"line":317,"column":12},"end":{"line":317,"column":12},"skip":true}]}},"code":["/*","example.js","","quickstart example","","instruction","    1. save this script as example.js","    2. run the shell command:","        $ npm install npmtest-styled-components && PORT=8081 node example.js","    3. play with the browser-demo on http://127.0.0.1:8081","*/","","","","/* istanbul instrument in package npmtest_styled_components */","/*jslint","    bitwise: true,","    browser: true,","    maxerr: 8,","    maxlen: 96,","    node: true,","    nomen: true,","    regexp: true,","    stupid: true","*/","(function () {","    'use strict';","    var local;","","","","    // run shared js-env code - init-before","    (function () {","        // init local","        local = {};","        // init modeJs","        local.modeJs = (function () {","            try {","                return typeof navigator.userAgent === 'string' &&","                    typeof document.querySelector('body') === 'object' &&","                    typeof XMLHttpRequest.prototype.open === 'function' &&","                    'browser';","            } catch (errorCaughtBrowser) {","                return module.exports &&","                    typeof process.versions.node === 'string' &&","                    typeof require('http').createServer === 'function' &&","                    'node';","            }","        }());","        // init global","        local.global = local.modeJs === 'browser'","            ? window","            : global;","        // init utility2_rollup","        local = local.global.utility2_rollup || (local.modeJs === 'browser'","            ? local.global.utility2_npmtest_styled_components","            : global.utility2_moduleExports);","        // export local","        local.global.local = local;","    }());","    switch (local.modeJs) {","","","","    // init-after","    // run browser js-env code - init-after","    /* istanbul ignore next */","    case 'browser':","        local.testRunBrowser = function (event) {","            if (!event || (event &&","                    event.currentTarget &&","                    event.currentTarget.className &&","                    event.currentTarget.className.includes &&","                    event.currentTarget.className.includes('onreset'))) {","                // reset output","                Array.from(","                    document.querySelectorAll('body > .resettable')","                ).forEach(function (element) {","                    switch (element.tagName) {","                    case 'INPUT':","                    case 'TEXTAREA':","                        element.value = '';","                        break;","                    default:","                        element.textContent = '';","                    }","                });","            }","            switch (event && event.currentTarget && event.currentTarget.id) {","            case 'testRunButton1':","                // show tests","                if (document.querySelector('#testReportDiv1').style.display === 'none') {","                    document.querySelector('#testReportDiv1').style.display = 'block';","                    document.querySelector('#testRunButton1').textContent =","                        'hide internal test';","                    local.modeTest = true;","                    local.testRunDefault(local);","                // hide tests","                } else {","                    document.querySelector('#testReportDiv1').style.display = 'none';","                    document.querySelector('#testRunButton1').textContent = 'run internal test';","                }","                break;","            // custom-case","            default:","                break;","            }","            if (document.querySelector('#inputTextareaEval1') && (!event || (event &&","                    event.currentTarget &&","                    event.currentTarget.className &&","                    event.currentTarget.className.includes &&","                    event.currentTarget.className.includes('oneval')))) {","                // try to eval input-code","                try {","                    /*jslint evil: true*/","                    eval(document.querySelector('#inputTextareaEval1').value);","                } catch (errorCaught) {","                    console.error(errorCaught);","                }","            }","        };","        // log stderr and stdout to #outputTextareaStdout1","        ['error', 'log'].forEach(function (key) {","            console[key + '_original'] = console[key];","            console[key] = function () {","                var element;","                console[key + '_original'].apply(console, arguments);","                element = document.querySelector('#outputTextareaStdout1');","                if (!element) {","                    return;","                }","                // append text to #outputTextareaStdout1","                element.value += Array.from(arguments).map(function (arg) {","                    return typeof arg === 'string'","                        ? arg","                        : JSON.stringify(arg, null, 4);","                }).join(' ') + '\\n';","                // scroll textarea to bottom","                element.scrollTop = element.scrollHeight;","            };","        });","        // init event-handling","        ['change', 'click', 'keyup'].forEach(function (event) {","            Array.from(document.querySelectorAll('.on' + event)).forEach(function (element) {","                element.addEventListener(event, local.testRunBrowser);","            });","        });","        // run tests","        local.testRunBrowser();","        break;","","","","    // run node js-env code - init-after","    /* istanbul ignore next */","    case 'node':","        // export local","        module.exports = local;","        // require modules","        local.fs = require('fs');","        local.http = require('http');","        local.url = require('url');","        // init assets","        local.assetsDict = local.assetsDict || {};","        /* jslint-ignore-begin */","        local.assetsDict['/assets.index.template.html'] = '\\","<!doctype html>\\n\\","<html lang=\"en\">\\n\\","<head>\\n\\","<meta charset=\"UTF-8\">\\n\\","<meta name=\"viewport\" content=\"width=device-width, initial-scale=1\">\\n\\","<title>{{env.npm_package_name}} (v{{env.npm_package_version}})</title>\\n\\","<style>\\n\\","/*csslint\\n\\","    box-sizing: false,\\n\\","    universal-selector: false\\n\\","*/\\n\\","* {\\n\\","    box-sizing: border-box;\\n\\","}\\n\\","body {\\n\\","    background: #dde;\\n\\","    font-family: Arial, Helvetica, sans-serif;\\n\\","    margin: 2rem;\\n\\","}\\n\\","body > * {\\n\\","    margin-bottom: 1rem;\\n\\","}\\n\\",".utility2FooterDiv {\\n\\","    margin-top: 20px;\\n\\","    text-align: center;\\n\\","}\\n\\","</style>\\n\\","<style>\\n\\","/*csslint\\n\\","*/\\n\\","textarea {\\n\\","    font-family: monospace;\\n\\","    height: 10rem;\\n\\","    width: 100%;\\n\\","}\\n\\","textarea[readonly] {\\n\\","    background: #ddd;\\n\\","}\\n\\","</style>\\n\\","</head>\\n\\","<body>\\n\\","<!-- utility2-comment\\n\\","<div id=\"ajaxProgressDiv1\" style=\"background: #d00; height: 2px; left: 0; margin: 0; padding: 0; position: fixed; top: 0; transition: background 0.5s, width 1.5s; width: 25%;\"></div>\\n\\","utility2-comment -->\\n\\","<h1>\\n\\","<!-- utility2-comment\\n\\","    <a\\n\\","        {{#if env.npm_package_homepage}}\\n\\","        href=\"{{env.npm_package_homepage}}\"\\n\\","        {{/if env.npm_package_homepage}}\\n\\","        target=\"_blank\"\\n\\","    >\\n\\","utility2-comment -->\\n\\","        {{env.npm_package_name}} (v{{env.npm_package_version}})\\n\\","<!-- utility2-comment\\n\\","    </a>\\n\\","utility2-comment -->\\n\\","</h1>\\n\\","<h3>{{env.npm_package_description}}</h3>\\n\\","<!-- utility2-comment\\n\\","<h4><a download href=\"assets.app.js\">download standalone app</a></h4>\\n\\","<button class=\"onclick onreset\" id=\"testRunButton1\">run internal test</button><br>\\n\\","<div id=\"testReportDiv1\" style=\"display: none;\"></div>\\n\\","utility2-comment -->\\n\\","\\n\\","\\n\\","\\n\\","<label>stderr and stdout</label>\\n\\","<textarea class=\"resettable\" id=\"outputTextareaStdout1\" readonly></textarea>\\n\\","<!-- utility2-comment\\n\\","{{#if isRollup}}\\n\\","<script src=\"assets.app.js\"></script>\\n\\","{{#unless isRollup}}\\n\\","utility2-comment -->\\n\\","<script src=\"assets.utility2.rollup.js\"></script>\\n\\","<script src=\"jsonp.utility2._stateInit?callback=window.utility2._stateInit\"></script>\\n\\","<script src=\"assets.npmtest_styled_components.rollup.js\"></script>\\n\\","<script src=\"assets.example.js\"></script>\\n\\","<script src=\"assets.test.js\"></script>\\n\\","<!-- utility2-comment\\n\\","{{/if isRollup}}\\n\\","utility2-comment -->\\n\\","<div class=\"utility2FooterDiv\">\\n\\","    [ this app was created with\\n\\","    <a href=\"https://github.com/kaizhu256/node-utility2\" target=\"_blank\">utility2</a>\\n\\","    ]\\n\\","</div>\\n\\","</body>\\n\\","</html>\\n\\","';","        /* jslint-ignore-end */","        if (local.templateRender) {","            local.assetsDict['/'] = local.templateRender(","                local.assetsDict['/assets.index.template.html'],","                {","                    env: local.objectSetDefault(local.env, {","                        npm_package_description: 'the greatest app in the world!',","                        npm_package_name: 'my-app',","                        npm_package_nameAlias: 'my_app',","                        npm_package_version: '0.0.1'","                    })","                }","            );","        } else {","            local.assetsDict['/'] = local.assetsDict['/assets.index.template.html']","                .replace((/\\{\\{env\\.(\\w+?)\\}\\}/g), function (match0, match1) {","                    // jslint-hack","                    String(match0);","                    switch (match1) {","                    case 'npm_package_description':","                        return 'the greatest app in the world!';","                    case 'npm_package_name':","                        return 'my-app';","                    case 'npm_package_nameAlias':","                        return 'my_app';","                    case 'npm_package_version':","                        return '0.0.1';","                    }","                });","        }","        // run the cli","        if (local.global.utility2_rollup || module !== require.main) {","            break;","        }","        local.assetsDict['/assets.example.js'] =","            local.assetsDict['/assets.example.js'] ||","            local.fs.readFileSync(__filename, 'utf8');","        // bug-workaround - long $npm_package_buildCustomOrg","        /* jslint-ignore-begin */","        local.assetsDict['/assets.npmtest_styled_components.rollup.js'] =","            local.assetsDict['/assets.npmtest_styled_components.rollup.js'] ||","            local.fs.readFileSync(","                local.npmtest_styled_components.__dirname + '/lib.npmtest_styled_components.js',","                'utf8'","            ).replace((/^#!/), '//');","        /* jslint-ignore-end */","        local.assetsDict['/favicon.ico'] = local.assetsDict['/favicon.ico'] || '';","        // if $npm_config_timeout_exit exists,","        // then exit this process after $npm_config_timeout_exit ms","        if (Number(process.env.npm_config_timeout_exit)) {","            setTimeout(process.exit, Number(process.env.npm_config_timeout_exit));","        }","        // start server","        if (local.global.utility2_serverHttp1) {","            break;","        }","        process.env.PORT = process.env.PORT || '8081';","        console.error('server starting on port ' + process.env.PORT);","        local.http.createServer(function (request, response) {","            request.urlParsed = local.url.parse(request.url);","            if (local.assetsDict[request.urlParsed.pathname] !== undefined) {","                response.end(local.assetsDict[request.urlParsed.pathname]);","                return;","            }","            response.statusCode = 404;","            response.end();","        }).listen(process.env.PORT);","        break;","    }","}());",""],"l":{"26":2,"28":2,"33":2,"35":2,"37":2,"38":2,"39":2,"44":1,"51":2,"55":2,"59":2,"61":2,"69":1,"70":2,"76":2,"79":2,"82":2,"83":2,"85":1,"89":2,"92":1,"93":1,"94":1,"96":1,"97":1,"100":1,"101":1,"103":1,"106":1,"108":2,"114":1,"116":1,"118":1,"123":1,"124":2,"125":2,"126":3,"127":3,"128":3,"129":3,"130":1,"133":3,"134":3,"139":3,"143":1,"144":3,"145":1,"149":1,"150":1,"158":1,"160":1,"161":1,"162":1,"164":1,"166":1,"258":1,"259":1,"271":1,"274":6,"275":6,"277":1,"279":2,"281":1,"283":2,"288":1,"289":1,"291":1,"296":1,"303":1,"306":1,"307":1,"310":1,"311":1,"313":1,"314":1,"315":1,"316":1,"317":1,"318":1,"319":1,"321":1,"322":1,"324":1}},"/home/travis/build/npmtest/node-npmtest-styled-components/node_modules/styled-components/lib/index.js":{"path":"/home/travis/build/npmtest/node-npmtest-styled-components/node_modules/styled-components/lib/index.js","s":{"1":1,"2":1,"3":1,"4":1,"5":1,"6":1,"7":1,"8":1,"9":1,"10":1,"11":1,"12":1,"13":1,"14":1,"15":1,"16":1,"17":1,"18":1,"19":1,"20":1,"21":1,"22":9,"23":1,"24":1,"25":1,"26":1,"27":1,"28":1,"29":1,"30":1},"b":{"1":[1,8],"2":[9,9]},"f":{"1":9},"fnMap":{"1":{"name":"_interopRequireDefault","line":44,"loc":{"start":{"line":44,"column":0},"end":{"line":44,"column":37}}}},"statementMap":{"1":{"start":{"line":3,"column":0},"end":{"line":5,"column":3}},"2":{"start":{"line":6,"column":0},"end":{"line":6,"column":111}},"3":{"start":{"line":8,"column":0},"end":{"line":8,"column":72}},"4":{"start":{"line":10,"column":0},"end":{"line":10,"column":79}},"5":{"start":{"line":12,"column":0},"end":{"line":12,"column":41}},"6":{"start":{"line":14,"column":0},"end":{"line":14,"column":41}},"7":{"start":{"line":16,"column":0},"end":{"line":16,"column":59}},"8":{"start":{"line":18,"column":0},"end":{"line":18,"column":59}},"9":{"start":{"line":20,"column":0},"end":{"line":20,"column":59}},"10":{"start":{"line":22,"column":0},"end":{"line":22,"column":65}},"11":{"start":{"line":24,"column":0},"end":{"line":24,"column":48}},"12":{"start":{"line":26,"column":0},"end":{"line":26,"column":48}},"13":{"start":{"line":28,"column":0},"end":{"line":28,"column":54}},"14":{"start":{"line":30,"column":0},"end":{"line":30,"column":54}},"15":{"start":{"line":32,"column":0},"end":{"line":32,"column":58}},"16":{"start":{"line":34,"column":0},"end":{"line":34,"column":64}},"17":{"start":{"line":36,"column":0},"end":{"line":36,"column":55}},"18":{"start":{"line":38,"column":0},"end":{"line":38,"column":61}},"19":{"start":{"line":40,"column":0},"end":{"line":40,"column":44}},"20":{"start":{"line":42,"column":0},"end":{"line":42,"column":53}},"21":{"start":{"line":44,"column":0},"end":{"line":44,"column":95}},"22":{"start":{"line":44,"column":39},"end":{"line":44,"column":93}},"23":{"start":{"line":53,"column":0},"end":{"line":53,"column":75}},"24":{"start":{"line":60,"column":0},"end":{"line":60,"column":132}},"25":{"start":{"line":63,"column":0},"end":{"line":63,"column":25}},"26":{"start":{"line":64,"column":0},"end":{"line":64,"column":28}},"27":{"start":{"line":65,"column":0},"end":{"line":65,"column":30}},"28":{"start":{"line":66,"column":0},"end":{"line":66,"column":46}},"29":{"start":{"line":67,"column":0},"end":{"line":67,"column":48}},"30":{"start":{"line":68,"column":0},"end":{"line":68,"column":40}}},"branchMap":{"1":{"line":44,"type":"cond-expr","locations":[{"start":{"line":44,"column":70},"end":{"line":44,"column":73}},{"start":{"line":44,"column":76},"end":{"line":44,"column":92}}]},"2":{"line":44,"type":"binary-expr","locations":[{"start":{"line":44,"column":46},"end":{"line":44,"column":49}},{"start":{"line":44,"column":53},"end":{"line":44,"column":67}}]}},"code":["'use strict';","","Object.defineProperty(exports, \"__esModule\", {","  value: true","});","exports.withTheme = exports.ThemeProvider = exports.injectGlobal = exports.keyframes = exports.css = undefined;","","var _generateAlphabeticName = require('./utils/generateAlphabeticName');","","var _generateAlphabeticName2 = _interopRequireDefault(_generateAlphabeticName);","","var _css = require('./constructors/css');","","var _css2 = _interopRequireDefault(_css);","","var _injectGlobal = require('./constructors/injectGlobal');","","var _injectGlobal2 = _interopRequireDefault(_injectGlobal);","","var _StyledComponent = require('./models/StyledComponent');","","var _StyledComponent2 = _interopRequireDefault(_StyledComponent);","","var _styled2 = require('./constructors/styled');","","var _styled3 = _interopRequireDefault(_styled2);","","var _keyframes2 = require('./constructors/keyframes');","","var _keyframes3 = _interopRequireDefault(_keyframes2);","","var _ComponentStyle2 = require('./models/ComponentStyle');","","var _ComponentStyle3 = _interopRequireDefault(_ComponentStyle2);","","var _ThemeProvider = require('./models/ThemeProvider');","","var _ThemeProvider2 = _interopRequireDefault(_ThemeProvider);","","var _withTheme = require('./hoc/withTheme');","","var _withTheme2 = _interopRequireDefault(_withTheme);","","function _interopRequireDefault(obj) { return obj && obj.__esModule ? obj : { default: obj }; }","","/* Instantiate singletons */","","","/* Import components */","","","/* Import singleton constructors */","var keyframes = (0, _keyframes3.default)(_generateAlphabeticName2.default);","","/* Import Higher Order Components */","","","/* Import singletons */","","var styled = (0, _styled3.default)((0, _StyledComponent2.default)((0, _ComponentStyle3.default)(_generateAlphabeticName2.default)));","","/* Export everything */","exports.default = styled;","exports.css = _css2.default;","exports.keyframes = keyframes;","exports.injectGlobal = _injectGlobal2.default;","exports.ThemeProvider = _ThemeProvider2.default;","exports.withTheme = _withTheme2.default;"],"l":{"3":1,"6":1,"8":1,"10":1,"12":1,"14":1,"16":1,"18":1,"20":1,"22":1,"24":1,"26":1,"28":1,"30":1,"32":1,"34":1,"36":1,"38":1,"40":1,"42":1,"44":9,"53":1,"60":1,"63":1,"64":1,"65":1,"66":1,"67":1,"68":1}},"/home/travis/build/npmtest/node-npmtest-styled-components/node_modules/styled-components/lib/utils/generateAlphabeticName.js":{"path":"/home/travis/build/npmtest/node-npmtest-styled-components/node_modules/styled-components/lib/utils/generateAlphabeticName.js","s":{"1":1,"2":1,"3":1,"4":0,"5":0,"6":1,"7":1},"b":{"1":[0,0]},"f":{"1":0},"fnMap":{"1":{"name":"generateAlphabeticName","line":9,"loc":{"start":{"line":9,"column":29},"end":{"line":9,"column":67}}}},"statementMap":{"1":{"start":{"line":3,"column":0},"end":{"line":5,"column":3}},"2":{"start":{"line":6,"column":0},"end":{"line":6,"column":77}},"3":{"start":{"line":9,"column":0},"end":{"line":12,"column":2}},"4":{"start":{"line":10,"column":2},"end":{"line":10,"column":45}},"5":{"start":{"line":11,"column":2},"end":{"line":11,"column":116}},"6":{"start":{"line":14,"column":0},"end":{"line":14,"column":41}},"7":{"start":{"line":15,"column":0},"end":{"line":15,"column":36}}},"branchMap":{"1":{"line":11,"type":"cond-expr","locations":[{"start":{"line":11,"column":31},"end":{"line":11,"column":103}},{"start":{"line":11,"column":106},"end":{"line":11,"column":115}}]}},"code":["'use strict';","","Object.defineProperty(exports, \"__esModule\", {","  value: true","});","var chars = 'abcdefghijklmnopqrstuvwxyzABCDEFGHIJKLMNOPQRSTUVWXYZ'.split('');","","/* Some high number, usually 9-digit base-10. Map it to base-😎 */","var generateAlphabeticName = function generateAlphabeticName(code) {","  var lastDigit = chars[code % chars.length];","  return code > chars.length ? '' + generateAlphabeticName(Math.floor(code / chars.length)) + lastDigit : lastDigit;","};","","exports.default = generateAlphabeticName;","module.exports = exports['default'];"],"l":{"3":1,"6":1,"9":1,"10":0,"11":0,"14":1,"15":1}},"/home/travis/build/npmtest/node-npmtest-styled-components/node_modules/styled-components/lib/constructors/css.js":{"path":"/home/travis/build/npmtest/node-npmtest-styled-components/node_modules/styled-components/lib/constructors/css.js","s":{"1":1,"2":1,"3":1,"4":1,"5":1,"6":1,"7":2,"8":1,"9":1,"10":1,"11":0,"12":0,"13":0,"14":1},"b":{"1":[1,1],"2":[2,2],"3":[1,1],"4":[1,1]},"f":{"1":2,"2":0},"fnMap":{"1":{"name":"_interopRequireDefault","line":15,"loc":{"start":{"line":15,"column":0},"end":{"line":15,"column":37}}},"2":{"name":"(anonymous_2)","line":21,"loc":{"start":{"line":21,"column":18},"end":{"line":21,"column":37}}}},"statementMap":{"1":{"start":{"line":3,"column":0},"end":{"line":5,"column":3}},"2":{"start":{"line":7,"column":0},"end":{"line":7,"column":49}},"3":{"start":{"line":9,"column":0},"end":{"line":9,"column":55}},"4":{"start":{"line":11,"column":0},"end":{"line":11,"column":43}},"5":{"start":{"line":13,"column":0},"end":{"line":13,"column":49}},"6":{"start":{"line":15,"column":0},"end":{"line":15,"column":95}},"7":{"start":{"line":15,"column":39},"end":{"line":15,"column":93}},"8":{"start":{"line":17,"column":0},"end":{"line":17,"column":154}},"9":{"start":{"line":19,"column":0},"end":{"line":19,"column":166}},"10":{"start":{"line":21,"column":0},"end":{"line":27,"column":2}},"11":{"start":{"line":22,"column":2},"end":{"line":24,"column":3}},"12":{"start":{"line":23,"column":4},"end":{"line":23,"column":47}},"13":{"start":{"line":26,"column":2},"end":{"line":26,"column":84}},"14":{"start":{"line":29,"column":0},"end":{"line":29,"column":36}}},"branchMap":{"1":{"line":15,"type":"cond-expr","locations":[{"start":{"line":15,"column":70},"end":{"line":15,"column":73}},{"start":{"line":15,"column":76},"end":{"line":15,"column":92}}]},"2":{"line":15,"type":"binary-expr","locations":[{"start":{"line":15,"column":46},"end":{"line":15,"column":49}},{"start":{"line":15,"column":53},"end":{"line":15,"column":67}}]},"3":{"line":17,"type":"binary-expr","locations":[{"start":{"line":17,"column":53},"end":{"line":17,"column":119}},{"start":{"line":17,"column":123},"end":{"line":17,"column":153}}]},"4":{"line":19,"type":"binary-expr","locations":[{"start":{"line":19,"column":59},"end":{"line":19,"column":131}},{"start":{"line":19,"column":135},"end":{"line":19,"column":165}}]}},"code":["'use strict';","","Object.defineProperty(exports, \"__esModule\", {","  value: true","});","","var _interleave = require('../utils/interleave');","","var _interleave2 = _interopRequireDefault(_interleave);","","var _flatten = require('../utils/flatten');","","var _flatten2 = _interopRequireDefault(_flatten);","","function _interopRequireDefault(obj) { return obj && obj.__esModule ? obj : { default: obj }; }","","var babelPluginFlowReactPropTypes_proptype_RuleSet = require('../types').babelPluginFlowReactPropTypes_proptype_RuleSet || require('react').PropTypes.any;","","var babelPluginFlowReactPropTypes_proptype_Interpolation = require('../types').babelPluginFlowReactPropTypes_proptype_Interpolation || require('react').PropTypes.any;","","exports.default = function (strings) {","  for (var _len = arguments.length, interpolations = Array(_len > 1 ? _len - 1 : 0), _key = 1; _key < _len; _key++) {","    interpolations[_key - 1] = arguments[_key];","  }","","  return (0, _flatten2.default)((0, _interleave2.default)(strings, interpolations));","};","","module.exports = exports['default'];"],"l":{"3":1,"7":1,"9":1,"11":1,"13":1,"15":2,"17":1,"19":1,"21":1,"22":0,"23":0,"26":0,"29":1}},"/home/travis/build/npmtest/node-npmtest-styled-components/node_modules/styled-components/lib/utils/interleave.js":{"path":"/home/travis/build/npmtest/node-npmtest-styled-components/node_modules/styled-components/lib/utils/interleave.js","s":{"1":1,"2":1,"3":1,"4":0,"5":0,"6":1},"b":{"1":[1,1]},"f":{"1":0,"2":0},"fnMap":{"1":{"name":"(anonymous_1)","line":9,"loc":{"start":{"line":9,"column":18},"end":{"line":9,"column":53}}},"2":{"name":"(anonymous_2)","line":10,"loc":{"start":{"line":10,"column":31},"end":{"line":10,"column":59}}}},"statementMap":{"1":{"start":{"line":3,"column":0},"end":{"line":5,"column":3}},"2":{"start":{"line":7,"column":0},"end":{"line":7,"column":166}},"3":{"start":{"line":9,"column":0},"end":{"line":13,"column":2}},"4":{"start":{"line":10,"column":2},"end":{"line":12,"column":19}},"5":{"start":{"line":11,"column":4},"end":{"line":11,"column":48}},"6":{"start":{"line":15,"column":0},"end":{"line":15,"column":36}}},"branchMap":{"1":{"line":7,"type":"binary-expr","locations":[{"start":{"line":7,"column":59},"end":{"line":7,"column":131}},{"start":{"line":7,"column":135},"end":{"line":7,"column":165}}]}},"code":["'use strict';","","Object.defineProperty(exports, \"__esModule\", {","  value: true","});","","var babelPluginFlowReactPropTypes_proptype_Interpolation = require('../types').babelPluginFlowReactPropTypes_proptype_Interpolation || require('react').PropTypes.any;","","exports.default = function (strings, interpolations) {","  return interpolations.reduce(function (array, interp, i) {","    return array.concat(interp, strings[i + 1]);","  }, [strings[0]]);","};","","module.exports = exports['default'];"],"l":{"3":1,"7":1,"9":1,"10":0,"11":0,"15":1}},"/home/travis/build/npmtest/node-npmtest-styled-components/node_modules/styled-components/lib/types.js":{"path":"/home/travis/build/npmtest/node-npmtest-styled-components/node_modules/styled-components/lib/types.js","s":{"1":1},"b":{},"f":{},"fnMap":{},"statementMap":{"1":{"start":{"line":4,"column":0},"end":{"line":8,"column":3}}},"branchMap":{},"code":["\"use strict\";","","/* todo: I want this to actually be an array of Function | string but that causes errors */","Object.defineProperty(module.exports, \"babelPluginFlowReactPropTypes_proptype_GlamorRule\", {","  value: require(\"react\").PropTypes.shape({","    cssText: require(\"react\").PropTypes.string.isRequired","  })","});","","/* eslint-disable no-undef */"],"l":{"4":1}},"/home/travis/build/npmtest/node-npmtest-styled-components/node_modules/styled-components/lib/utils/flatten.js":{"path":"/home/travis/build/npmtest/node-npmtest-styled-components/node_modules/styled-components/lib/utils/flatten.js","s":{"1":1,"2":1,"3":1,"4":1,"5":1,"6":1,"7":1,"8":2,"9":1,"10":0,"11":0,"12":0,"13":0,"14":0,"15":1,"16":1,"17":0,"18":0,"19":0,"20":0,"21":0,"22":1,"23":0,"24":0,"25":0,"26":0,"27":0,"28":0,"29":0,"30":0,"31":1},"b":{"1":[0,2],"2":[2,2],"3":[0,0],"4":[1,1],"5":[0,0],"6":[0,0],"7":[0,0],"8":[0,0,0,0],"9":[0,0],"10":[0,0],"11":[0,0],"12":[0,0]},"f":{"1":2,"2":0,"3":0,"4":0,"5":0,"6":0},"fnMap":{"1":{"name":"_interopRequireDefault","line":16,"loc":{"start":{"line":16,"column":0},"end":{"line":16,"column":37}}},"2":{"name":"_toConsumableArray","line":18,"loc":{"start":{"line":18,"column":0},"end":{"line":18,"column":33}}},"3":{"name":"objToCss","line":22,"loc":{"start":{"line":22,"column":34},"end":{"line":22,"column":66}}},"4":{"name":"(anonymous_4)","line":23,"loc":{"start":{"line":23,"column":33},"end":{"line":23,"column":48}}},"5":{"name":"flatten","line":30,"loc":{"start":{"line":30,"column":14},"end":{"line":30,"column":57}}},"6":{"name":"(anonymous_6)","line":31,"loc":{"start":{"line":31,"column":23},"end":{"line":31,"column":49}}}},"statementMap":{"1":{"start":{"line":3,"column":0},"end":{"line":5,"column":3}},"2":{"start":{"line":6,"column":0},"end":{"line":6,"column":29}},"3":{"start":{"line":8,"column":0},"end":{"line":8,"column":65}},"4":{"start":{"line":10,"column":0},"end":{"line":10,"column":71}},"5":{"start":{"line":12,"column":0},"end":{"line":12,"column":48}},"6":{"start":{"line":14,"column":0},"end":{"line":14,"column":61}},"7":{"start":{"line":16,"column":0},"end":{"line":16,"column":95}},"8":{"start":{"line":16,"column":39},"end":{"line":16,"column":93}},"9":{"start":{"line":18,"column":0},"end":{"line":18,"column":195}},"10":{"start":{"line":18,"column":35},"end":{"line":18,"column":193}},"11":{"start":{"line":18,"column":61},"end":{"line":18,"column":145}},"12":{"start":{"line":18,"column":126},"end":{"line":18,"column":143}},"13":{"start":{"line":18,"column":146},"end":{"line":18,"column":158}},"14":{"start":{"line":18,"column":168},"end":{"line":18,"column":191}},"15":{"start":{"line":20,"column":0},"end":{"line":20,"column":166}},"16":{"start":{"line":22,"column":0},"end":{"line":28,"column":2}},"17":{"start":{"line":23,"column":2},"end":{"line":26,"column":15}},"18":{"start":{"line":24,"column":4},"end":{"line":24,"column":79}},"19":{"start":{"line":24,"column":48},"end":{"line":24,"column":79}},"20":{"start":{"line":25,"column":4},"end":{"line":25,"column":74}},"21":{"start":{"line":27,"column":2},"end":{"line":27,"column":58}},"22":{"start":{"line":30,"column":0},"end":{"line":45,"column":2}},"23":{"start":{"line":31,"column":2},"end":{"line":44,"column":9}},"24":{"start":{"line":33,"column":4},"end":{"line":33,"column":97}},"25":{"start":{"line":33,"column":82},"end":{"line":33,"column":97}},"26":{"start":{"line":35,"column":4},"end":{"line":35,"column":130}},"27":{"start":{"line":35,"column":30},"end":{"line":35,"column":130}},"28":{"start":{"line":37,"column":4},"end":{"line":39,"column":5}},"29":{"start":{"line":38,"column":6},"end":{"line":38,"column":160}},"30":{"start":{"line":43,"column":4},"end":{"line":43,"column":100}},"31":{"start":{"line":47,"column":0},"end":{"line":47,"column":26}}},"branchMap":{"1":{"line":16,"type":"cond-expr","locations":[{"start":{"line":16,"column":70},"end":{"line":16,"column":73}},{"start":{"line":16,"column":76},"end":{"line":16,"column":92}}]},"2":{"line":16,"type":"binary-expr","locations":[{"start":{"line":16,"column":46},"end":{"line":16,"column":49}},{"start":{"line":16,"column":53},"end":{"line":16,"column":67}}]},"3":{"line":18,"type":"if","locations":[{"start":{"line":18,"column":35},"end":{"line":18,"column":35}},{"start":{"line":18,"column":35},"end":{"line":18,"column":35}}]},"4":{"line":20,"type":"binary-expr","locations":[{"start":{"line":20,"column":59},"end":{"line":20,"column":131}},{"start":{"line":20,"column":135},"end":{"line":20,"column":165}}]},"5":{"line":24,"type":"if","locations":[{"start":{"line":24,"column":4},"end":{"line":24,"column":4}},{"start":{"line":24,"column":4},"end":{"line":24,"column":4}}]},"6":{"line":27,"type":"cond-expr","locations":[{"start":{"line":27,"column":19},"end":{"line":27,"column":51}},{"start":{"line":27,"column":54},"end":{"line":27,"column":57}}]},"7":{"line":33,"type":"if","locations":[{"start":{"line":33,"column":4},"end":{"line":33,"column":4}},{"start":{"line":33,"column":4},"end":{"line":33,"column":4}}]},"8":{"line":33,"type":"binary-expr","locations":[{"start":{"line":33,"column":8},"end":{"line":33,"column":27}},{"start":{"line":33,"column":31},"end":{"line":33,"column":45}},{"start":{"line":33,"column":49},"end":{"line":33,"column":64}},{"start":{"line":33,"column":68},"end":{"line":33,"column":80}}]},"9":{"line":35,"type":"if","locations":[{"start":{"line":35,"column":4},"end":{"line":35,"column":4}},{"start":{"line":35,"column":4},"end":{"line":35,"column":4}}]},"10":{"line":37,"type":"if","locations":[{"start":{"line":37,"column":4},"end":{"line":37,"column":4}},{"start":{"line":37,"column":4},"end":{"line":37,"column":4}}]},"11":{"line":38,"type":"cond-expr","locations":[{"start":{"line":38,"column":32},"end":{"line":38,"column":135}},{"start":{"line":38,"column":138},"end":{"line":38,"column":159}}]},"12":{"line":43,"type":"cond-expr","locations":[{"start":{"line":43,"column":64},"end":{"line":43,"column":79}},{"start":{"line":43,"column":82},"end":{"line":43,"column":98}}]}},"code":["'use strict';","","Object.defineProperty(exports, \"__esModule\", {","  value: true","});","exports.objToCss = undefined;","","var _hyphenateStyleName = require('fbjs/lib/hyphenateStyleName');","","var _hyphenateStyleName2 = _interopRequireDefault(_hyphenateStyleName);","","var _isPlainObject = require('is-plain-object');","","var _isPlainObject2 = _interopRequireDefault(_isPlainObject);","","function _interopRequireDefault(obj) { return obj && obj.__esModule ? obj : { default: obj }; }","","function _toConsumableArray(arr) { if (Array.isArray(arr)) { for (var i = 0, arr2 = Array(arr.length); i < arr.length; i++) { arr2[i] = arr[i]; } return arr2; } else { return Array.from(arr); } }","","var babelPluginFlowReactPropTypes_proptype_Interpolation = require('../types').babelPluginFlowReactPropTypes_proptype_Interpolation || require('react').PropTypes.any;","","var objToCss = exports.objToCss = function objToCss(obj, prevKey) {","  var css = Object.keys(obj).map(function (key) {","    if ((0, _isPlainObject2.default)(obj[key])) return objToCss(obj[key], key);","    return (0, _hyphenateStyleName2.default)(key) + ': ' + obj[key] + ';';","  }).join(' ');","  return prevKey ? prevKey + ' {\\n  ' + css + '\\n}' : css;","};","","var flatten = function flatten(chunks, executionContext) {","  return chunks.reduce(function (ruleSet, chunk) {","    /* Remove falsey values */","    if (chunk === undefined || chunk === null || chunk === false || chunk === '') return ruleSet;","    /* Flatten ruleSet */","    if (Array.isArray(chunk)) return [].concat(_toConsumableArray(ruleSet), _toConsumableArray(flatten(chunk, executionContext)));","    /* Either execute or defer the function */","    if (typeof chunk === 'function') {","      return executionContext ? ruleSet.concat.apply(ruleSet, _toConsumableArray(flatten([chunk(executionContext)], executionContext))) : ruleSet.concat(chunk);","    }","","    /* Handle objects */","    // $FlowFixMe have to add %checks somehow to isPlainObject","    return ruleSet.concat((0, _isPlainObject2.default)(chunk) ? objToCss(chunk) : chunk.toString());","  }, []);","};","","exports.default = flatten;"],"l":{"3":1,"6":1,"8":1,"10":1,"12":1,"14":1,"16":2,"18":1,"20":1,"22":1,"23":0,"24":0,"25":0,"27":0,"30":1,"31":0,"33":0,"35":0,"37":0,"38":0,"43":0,"47":1}},"/home/travis/build/npmtest/node-npmtest-styled-components/node_modules/styled-components/lib/constructors/injectGlobal.js":{"path":"/home/travis/build/npmtest/node-npmtest-styled-components/node_modules/styled-components/lib/constructors/injectGlobal.js","s":{"1":1,"2":1,"3":1,"4":1,"5":1,"6":1,"7":2,"8":1,"9":1,"10":0,"11":0,"12":0,"13":0,"14":1,"15":1},"b":{"1":[0,2],"2":[2,2],"3":[1,1]},"f":{"1":2,"2":0},"fnMap":{"1":{"name":"_interopRequireDefault","line":15,"loc":{"start":{"line":15,"column":0},"end":{"line":15,"column":37}}},"2":{"name":"injectGlobal","line":19,"loc":{"start":{"line":19,"column":19},"end":{"line":19,"column":50}}}},"statementMap":{"1":{"start":{"line":3,"column":0},"end":{"line":5,"column":3}},"2":{"start":{"line":7,"column":0},"end":{"line":7,"column":28}},"3":{"start":{"line":9,"column":0},"end":{"line":9,"column":41}},"4":{"start":{"line":11,"column":0},"end":{"line":11,"column":52}},"5":{"start":{"line":13,"column":0},"end":{"line":13,"column":57}},"6":{"start":{"line":15,"column":0},"end":{"line":15,"column":95}},"7":{"start":{"line":15,"column":39},"end":{"line":15,"column":93}},"8":{"start":{"line":17,"column":0},"end":{"line":17,"column":166}},"9":{"start":{"line":19,"column":0},"end":{"line":26,"column":2}},"10":{"start":{"line":20,"column":2},"end":{"line":22,"column":3}},"11":{"start":{"line":21,"column":4},"end":{"line":21,"column":47}},"12":{"start":{"line":24,"column":2},"end":{"line":24,"column":112}},"13":{"start":{"line":25,"column":2},"end":{"line":25,"column":34}},"14":{"start":{"line":28,"column":0},"end":{"line":28,"column":31}},"15":{"start":{"line":29,"column":0},"end":{"line":29,"column":36}}},"branchMap":{"1":{"line":15,"type":"cond-expr","locations":[{"start":{"line":15,"column":70},"end":{"line":15,"column":73}},{"start":{"line":15,"column":76},"end":{"line":15,"column":92}}]},"2":{"line":15,"type":"binary-expr","locations":[{"start":{"line":15,"column":46},"end":{"line":15,"column":49}},{"start":{"line":15,"column":53},"end":{"line":15,"column":67}}]},"3":{"line":17,"type":"binary-expr","locations":[{"start":{"line":17,"column":59},"end":{"line":17,"column":131}},{"start":{"line":17,"column":135},"end":{"line":17,"column":165}}]}},"code":["'use strict';","","Object.defineProperty(exports, \"__esModule\", {","  value: true","});","","var _css = require('./css');","","var _css2 = _interopRequireDefault(_css);","","var _GlobalStyle = require('../models/GlobalStyle');","","var _GlobalStyle2 = _interopRequireDefault(_GlobalStyle);","","function _interopRequireDefault(obj) { return obj && obj.__esModule ? obj : { default: obj }; }","","var babelPluginFlowReactPropTypes_proptype_Interpolation = require('../types').babelPluginFlowReactPropTypes_proptype_Interpolation || require('react').PropTypes.any;","","var injectGlobal = function injectGlobal(strings) {","  for (var _len = arguments.length, interpolations = Array(_len > 1 ? _len - 1 : 0), _key = 1; _key < _len; _key++) {","    interpolations[_key - 1] = arguments[_key];","  }","","  var globalStyle = new _GlobalStyle2.default(_css2.default.apply(undefined, [strings].concat(interpolations)));","  globalStyle.generateAndInject();","};","","exports.default = injectGlobal;","module.exports = exports['default'];"],"l":{"3":1,"7":1,"9":1,"11":1,"13":1,"15":2,"17":1,"19":1,"20":0,"21":0,"24":0,"25":0,"28":1,"29":1}},"/home/travis/build/npmtest/node-npmtest-styled-components/node_modules/styled-components/lib/models/GlobalStyle.js":{"path":"/home/travis/build/npmtest/node-npmtest-styled-components/node_modules/styled-components/lib/models/GlobalStyle.js","s":{"1":1,"2":1,"3":1,"4":1,"5":1,"6":1,"7":1,"8":1,"9":1,"10":1,"11":1,"12":1,"13":1,"14":1,"15":0,"16":1,"17":1,"18":1,"19":1,"20":1,"21":1,"22":1,"23":1,"24":1,"25":1,"26":4,"27":1,"28":0,"29":0,"30":1,"31":1,"32":1,"33":0,"34":0,"35":0,"36":1,"37":0,"38":0,"39":0,"40":0,"41":0,"42":0,"43":0,"44":0,"45":1,"46":1,"47":1},"b":{"1":[1,1],"2":[1,0],"3":[1,0],"4":[0,1],"5":[1,3],"6":[4,4],"7":[0,0],"8":[1,1],"9":[0,0],"10":[0,0]},"f":{"1":1,"2":1,"3":1,"4":4,"5":0,"6":1,"7":0,"8":0},"fnMap":{"1":{"name":"(anonymous_1)","line":7,"loc":{"start":{"line":7,"column":19},"end":{"line":7,"column":31}}},"2":{"name":"defineProperties","line":7,"loc":{"start":{"line":7,"column":33},"end":{"line":7,"column":74}}},"3":{"name":"(anonymous_3)","line":7,"loc":{"start":{"line":7,"column":357},"end":{"line":7,"column":405}}},"4":{"name":"_interopRequireDefault","line":25,"loc":{"start":{"line":25,"column":0},"end":{"line":25,"column":37}}},"5":{"name":"_classCallCheck","line":27,"loc":{"start":{"line":27,"column":0},"end":{"line":27,"column":48}}},"6":{"name":"(anonymous_6)","line":31,"loc":{"start":{"line":31,"column":21},"end":{"line":31,"column":33}}},"7":{"name":"ComponentStyle","line":32,"loc":{"start":{"line":32,"column":2},"end":{"line":32,"column":43}}},"8":{"name":"generateAndInject","line":41,"loc":{"start":{"line":41,"column":11},"end":{"line":41,"column":40}}}},"statementMap":{"1":{"start":{"line":3,"column":0},"end":{"line":5,"column":3}},"2":{"start":{"line":7,"column":0},"end":{"line":7,"column":564}},"3":{"start":{"line":7,"column":33},"end":{"line":7,"column":349}},"4":{"start":{"line":7,"column":76},"end":{"line":7,"column":347}},"5":{"start":{"line":7,"column":117},"end":{"line":7,"column":143}},"6":{"start":{"line":7,"column":144},"end":{"line":7,"column":199}},"7":{"start":{"line":7,"column":200},"end":{"line":7,"column":231}},"8":{"start":{"line":7,"column":232},"end":{"line":7,"column":286}},"9":{"start":{"line":7,"column":259},"end":{"line":7,"column":286}},"10":{"start":{"line":7,"column":287},"end":{"line":7,"column":345}},"11":{"start":{"line":7,"column":350},"end":{"line":7,"column":559}},"12":{"start":{"line":7,"column":407},"end":{"line":7,"column":475}},"13":{"start":{"line":7,"column":423},"end":{"line":7,"column":475}},"14":{"start":{"line":7,"column":476},"end":{"line":7,"column":536}},"15":{"start":{"line":7,"column":493},"end":{"line":7,"column":536}},"16":{"start":{"line":7,"column":537},"end":{"line":7,"column":556}},"17":{"start":{"line":9,"column":0},"end":{"line":9,"column":60}},"18":{"start":{"line":11,"column":0},"end":{"line":11,"column":45}},"19":{"start":{"line":13,"column":0},"end":{"line":13,"column":57}},"20":{"start":{"line":15,"column":0},"end":{"line":15,"column":61}},"21":{"start":{"line":17,"column":0},"end":{"line":17,"column":43}},"22":{"start":{"line":19,"column":0},"end":{"line":19,"column":49}},"23":{"start":{"line":21,"column":0},"end":{"line":21,"column":42}},"24":{"start":{"line":23,"column":0},"end":{"line":23,"column":55}},"25":{"start":{"line":25,"column":0},"end":{"line":25,"column":95}},"26":{"start":{"line":25,"column":39},"end":{"line":25,"column":93}},"27":{"start":{"line":27,"column":0},"end":{"line":27,"column":153}},"28":{"start":{"line":27,"column":50},"end":{"line":27,"column":151}},"29":{"start":{"line":27,"column":92},"end":{"line":27,"column":149}},"30":{"start":{"line":29,"column":0},"end":{"line":29,"column":154}},"31":{"start":{"line":31,"column":0},"end":{"line":54,"column":4}},"32":{"start":{"line":32,"column":2},"end":{"line":37,"column":3}},"33":{"start":{"line":33,"column":4},"end":{"line":33,"column":42}},"34":{"start":{"line":35,"column":4},"end":{"line":35,"column":23}},"35":{"start":{"line":36,"column":4},"end":{"line":36,"column":29}},"36":{"start":{"line":39,"column":2},"end":{"line":51,"column":6}},"37":{"start":{"line":42,"column":6},"end":{"line":42,"column":72}},"38":{"start":{"line":42,"column":42},"end":{"line":42,"column":72}},"39":{"start":{"line":43,"column":6},"end":{"line":43,"column":64}},"40":{"start":{"line":44,"column":6},"end":{"line":46,"column":7}},"41":{"start":{"line":45,"column":8},"end":{"line":45,"column":57}},"42":{"start":{"line":47,"column":6},"end":{"line":47,"column":47}},"43":{"start":{"line":48,"column":6},"end":{"line":48,"column":41}},"44":{"start":{"line":49,"column":6},"end":{"line":49,"column":73}},"45":{"start":{"line":53,"column":2},"end":{"line":53,"column":24}},"46":{"start":{"line":56,"column":0},"end":{"line":56,"column":33}},"47":{"start":{"line":57,"column":0},"end":{"line":57,"column":36}}},"branchMap":{"1":{"line":7,"type":"binary-expr","locations":[{"start":{"line":7,"column":168},"end":{"line":7,"column":189}},{"start":{"line":7,"column":193},"end":{"line":7,"column":198}}]},"2":{"line":7,"type":"if","locations":[{"start":{"line":7,"column":232},"end":{"line":7,"column":232}},{"start":{"line":7,"column":232},"end":{"line":7,"column":232}}]},"3":{"line":7,"type":"if","locations":[{"start":{"line":7,"column":407},"end":{"line":7,"column":407}},{"start":{"line":7,"column":407},"end":{"line":7,"column":407}}]},"4":{"line":7,"type":"if","locations":[
[...]
":125,"column":9}},"89":{"start":{"line":124,"column":10},"end":{"line":124,"column":29}},"90":{"start":{"line":130,"column":8},"end":{"line":130,"column":84}},"91":{"start":{"line":132,"column":8},"end":{"line":132,"column":41}},"92":{"start":{"line":137,"column":8},"end":{"line":137,"column":26}},"93":{"start":{"line":139,"column":8},"end":{"line":139,"column":43}},"94":{"start":{"line":141,"column":8},"end":{"line":141,"column":93}},"95":{"start":{"line":143,"column":8},"end":{"line":146,"column":9}},"96":{"start":{"line":144,"column":10},"end":{"line":144,"column":31}},"97":{"start":{"line":145,"column":10},"end":{"line":145,"column":26}},"98":{"start":{"line":148,"column":8},"end":{"line":154,"column":10}},"99":{"start":{"line":149,"column":10},"end":{"line":149,"column":34}},"100":{"start":{"line":151,"column":10},"end":{"line":153,"column":11}},"101":{"start":{"line":152,"column":12},"end":{"line":152,"column":32}},"102":{"start":{"line":159,"column":8},"end":{"line":159,"column":69}},"103":{"start":{"line":160,"column":8},"end":{"line":160,"column":65}},"104":{"start":{"line":167,"column":8},"end":{"line":169,"column":39}},"105":{"start":{"line":170,"column":8},"end":{"line":170,"column":57}},"106":{"start":{"line":173,"column":8},"end":{"line":173,"column":55}},"107":{"start":{"line":175,"column":8},"end":{"line":175,"column":64}},"108":{"start":{"line":177,"column":8},"end":{"line":177,"column":49}},"109":{"start":{"line":178,"column":8},"end":{"line":178,"column":74}},"110":{"start":{"line":178,"column":42},"end":{"line":178,"column":74}},"111":{"start":{"line":180,"column":8},"end":{"line":180,"column":76}},"112":{"start":{"line":184,"column":4},"end":{"line":184,"column":33}},"113":{"start":{"line":190,"column":2},"end":{"line":190,"column":38}},"114":{"start":{"line":191,"column":2},"end":{"line":191,"column":40}},"115":{"start":{"line":192,"column":2},"end":{"line":192,"column":127}},"116":{"start":{"line":194,"column":2},"end":{"line":194,"column":31}},"117":{"start":{"line":197,"column":0},"end":{"line":197,"column":46}},"118":{"start":{"line":198,"column":0},"end":{"line":198,"column":36}}},"branchMap":{"1":{"line":7,"type":"binary-expr","locations":[{"start":{"line":7,"column":15},"end":{"line":7,"column":28}},{"start":{"line":7,"column":32},"end":{"line":7,"column":256}}]},"2":{"line":7,"type":"if","locations":[{"start":{"line":7,"column":150},"end":{"line":7,"column":150}},{"start":{"line":7,"column":150},"end":{"line":7,"column":150}}]},"3":{"line":9,"type":"cond-expr","locations":[{"start":{"line":9,"column":84},"end":{"line":9,"column":121}},{"start":{"line":9,"column":124},"end":{"line":9,"column":268}}]},"4":{"line":9,"type":"binary-expr","locations":[{"start":{"line":9,"column":14},"end":{"line":9,"column":42}},{"start":{"line":9,"column":46},"end":{"line":9,"column":81}}]},"5":{"line":9,"type":"cond-expr","locations":[{"start":{"line":9,"column":244},"end":{"line":9,"column":252}},{"start":{"line":9,"column":255},"end":{"line":9,"column":265}}]},"6":{"line":9,"type":"binary-expr","locations":[{"start":{"line":9,"column":148},"end":{"line":9,"column":151}},{"start":{"line":9,"column":155},"end":{"line":9,"column":183}},{"start":{"line":9,"column":187},"end":{"line":9,"column":213}},{"start":{"line":9,"column":217},"end":{"line":9,"column":241}}]},"7":{"line":11,"type":"binary-expr","locations":[{"start":{"line":11,"column":168},"end":{"line":11,"column":189}},{"start":{"line":11,"column":193},"end":{"line":11,"column":198}}]},"8":{"line":11,"type":"if","locations":[{"start":{"line":11,"column":232},"end":{"line":11,"column":232}},{"start":{"line":11,"column":232},"end":{"line":11,"column":232}}]},"9":{"line":11,"type":"if","locations":[{"start":{"line":11,"column":407},"end":{"line":11,"column":407}},{"start":{"line":11,"column":407},"end":{"line":11,"column":407}}]},"10":{"line":11,"type":"if","locations":[{"start":{"line":11,"column":476},"end":{"line":11,"column":476}},{"start":{"line":11,"column":476},"end":{"line":11,"column":476}}]},"11":{"line":29,"type":"cond-expr","locations":[{"start":{"line":29,"column":70},"end":{"line":29,"column":73}},{"start":{"line":29,"column":76},"end":{"line":29,"column":92}}]},"12":{"line":29,"type":"binary-expr","locations":[{"start":{"line":29,"column":46},"end":{"line":29,"column":49}},{"start":{"line":29,"column":53},"end":{"line":29,"column":67}}]},"13":{"line":31,"type":"if","locations":[{"start":{"line":31,"column":50},"end":{"line":31,"column":50}},{"start":{"line":31,"column":50},"end":{"line":31,"column":50}}]},"14":{"line":33,"type":"if","locations":[{"start":{"line":33,"column":50},"end":{"line":33,"column":50}},{"start":{"line":33,"column":50},"end":{"line":33,"column":50}}]},"15":{"line":33,"type":"cond-expr","locations":[{"start":{"line":33,"column":226},"end":{"line":33,"column":230}},{"start":{"line":33,"column":233},"end":{"line":33,"column":237}}]},"16":{"line":33,"type":"binary-expr","locations":[{"start":{"line":33,"column":159},"end":{"line":33,"column":163}},{"start":{"line":33,"column":168},"end":{"line":33,"column":192}},{"start":{"line":33,"column":196},"end":{"line":33,"column":222}}]},"17":{"line":35,"type":"if","locations":[{"start":{"line":35,"column":43},"end":{"line":35,"column":43}},{"start":{"line":35,"column":43},"end":{"line":35,"column":43}}]},"18":{"line":35,"type":"binary-expr","locations":[{"start":{"line":35,"column":47},"end":{"line":35,"column":79}},{"start":{"line":35,"column":83},"end":{"line":35,"column":102}}]},"19":{"line":35,"type":"binary-expr","locations":[{"start":{"line":35,"column":244},"end":{"line":35,"column":254}},{"start":{"line":35,"column":258},"end":{"line":35,"column":278}}]},"20":{"line":35,"type":"if","locations":[{"start":{"line":35,"column":374},"end":{"line":35,"column":374}},{"start":{"line":35,"column":374},"end":{"line":35,"column":374}}]},"21":{"line":35,"type":"cond-expr","locations":[{"start":{"line":35,"column":414},"end":{"line":35,"column":457}},{"start":{"line":35,"column":460},"end":{"line":35,"column":491}}]},"22":{"line":37,"type":"binary-expr","locations":[{"start":{"line":37,"column":51},"end":{"line":37,"column":122}},{"start":{"line":37,"column":126},"end":{"line":37,"column":156}}]},"23":{"line":39,"type":"binary-expr","locations":[{"start":{"line":39,"column":52},"end":{"line":39,"column":117}},{"start":{"line":39,"column":121},"end":{"line":39,"column":151}}]},"24":{"line":41,"type":"binary-expr","locations":[{"start":{"line":41,"column":53},"end":{"line":41,"column":119}},{"start":{"line":41,"column":123},"end":{"line":41,"column":153}}]},"25":{"line":46,"type":"if","locations":[{"start":{"line":46,"column":2},"end":{"line":46,"column":2}},{"start":{"line":46,"column":2},"end":{"line":46,"column":2}}]},"26":{"line":46,"type":"binary-expr","locations":[{"start":{"line":46,"column":6},"end":{"line":46,"column":29}},{"start":{"line":46,"column":33},"end":{"line":46,"column":62}}]},"27":{"line":51,"type":"binary-expr","locations":[{"start":{"line":51,"column":24},"end":{"line":51,"column":30}},{"start":{"line":51,"column":34},"end":{"line":51,"column":67}}]},"28":{"line":69,"type":"binary-expr","locations":[{"start":{"line":69,"column":79},"end":{"line":69,"column":110}},{"start":{"line":69,"column":114},"end":{"line":69,"column":158}}]},"29":{"line":83,"type":"if","locations":[{"start":{"line":83,"column":8},"end":{"line":83,"column":8}},{"start":{"line":83,"column":8},"end":{"line":83,"column":8}}]},"30":{"line":92,"type":"binary-expr","locations":[{"start":{"line":92,"column":33},"end":{"line":92,"column":45}},{"start":{"line":92,"column":49},"end":{"line":92,"column":90}}]},"31":{"line":93,"type":"cond-expr","locations":[{"start":{"line":93,"column":64},"end":{"line":93,"column":82}},{"start":{"line":93,"column":85},"end":{"line":93,"column":94}}]},"32":{"line":93,"type":"binary-expr","locations":[{"start":{"line":93,"column":24},"end":{"line":93,"column":42}},{"start":{"line":93,"column":46},"end":{"line":93,"column":61}}]},"33":{"line":98,"type":"binary-expr","locations":[{"start":{"line":98,"column":23},"end":{"line":98,"column":39}},{"start":{"line":98,"column":43},"end":{"line":98,"column":45}}]},"34":{"line":113,"type":"binary-expr","locations":[{"start":{"line":113,"column":31},"end":{"line":113,"column":43}},{"start":{"line":113,"column":47},"end":{"line":113,"column":85}}]},"35":{"line":114,"type":"cond-expr","locations":[{"start":{"line":114,"column":59},"end":{"line":114,"column":74}},{"start":{"line":114,"column":77},"end":{"line":114,"column":91}}]},"36":{"line":114,"type":"binary-expr","locations":[{"start":{"line":114,"column":22},"end":{"line":114,"column":37}},{"start":{"line":114,"column":41},"end":{"line":114,"column":56}}]},"37":{"line":123,"type":"if","locations":[{"start":{"line":123,"column":8},"end":{"line":123,"column":8}},{"start":{"line":123,"column":8},"end":{"line":123,"column":8}}]},"38":{"line":130,"type":"cond-expr","locations":[{"start":{"line":130,"column":51},"end":{"line":130,"column":71}},{"start":{"line":130,"column":74},"end":{"line":130,"column":83}}]},"39":{"line":141,"type":"cond-expr","locations":[{"start":{"line":141,"column":61},"end":{"line":141,"column":72}},{"start":{"line":141,"column":75},"end":{"line":141,"column":92}}]},"40":{"line":143,"type":"if","locations":[{"start":{"line":143,"column":8},"end":{"line":143,"column":8}},{"start":{"line":143,"column":8},"end":{"line":143,"column":8}}]},"41":{"line":151,"type":"if","locations":[{"start":{"line":151,"column":10},"end":{"line":151,"column":10}},{"start":{"line":151,"column":10},"end":{"line":151,"column":10}}]},"42":{"line":178,"type":"if","locations":[{"start":{"line":178,"column":8},"end":{"line":178,"column":8}},{"start":{"line":178,"column":8},"end":{"line":178,"column":8}}]},"43":{"line":192,"type":"cond-expr","locations":[{"start":{"line":192,"column":69},"end":{"line":192,"column":87}},{"start":{"line":192,"column":90},"end":{"line":192,"column":126}}]}},"code":["'use strict';","","Object.defineProperty(exports, \"__esModule\", {","  value: true","});","","var _extends = Object.assign || function (target) { for (var i = 1; i < arguments.length; i++) { var source = arguments[i]; for (var key in source) { if (Object.prototype.hasOwnProperty.call(source, key)) { target[key] = source[key]; } } } return target; };","","var _typeof = typeof Symbol === \"function\" && typeof Symbol.iterator === \"symbol\" ? function (obj) { return typeof obj; } : function (obj) { return obj && typeof Symbol === \"function\" && obj.constructor === Symbol && obj !== Symbol.prototype ? \"symbol\" : typeof obj; };","","var _createClass = function () { function defineProperties(target, props) { for (var i = 0; i < props.length; i++) { var descriptor = props[i]; descriptor.enumerable = descriptor.enumerable || false; descriptor.configurable = true; if (\"value\" in descriptor) descriptor.writable = true; Object.defineProperty(target, descriptor.key, descriptor); } } return function (Constructor, protoProps, staticProps) { if (protoProps) defineProperties(Constructor.prototype, protoProps); if (staticProps) defineProperties(Constructor, staticProps); return Constructor; }; }();","","var _react = require('react');","","var _isTag = require('../utils/isTag');","","var _isTag2 = _interopRequireDefault(_isTag);","","var _ThemeProvider = require('./ThemeProvider');","","var _InlineStyle = require('./InlineStyle');","","var _InlineStyle2 = _interopRequireDefault(_InlineStyle);","","var _AbstractStyledComponent = require('./AbstractStyledComponent');","","var _AbstractStyledComponent2 = _interopRequireDefault(_AbstractStyledComponent);","","function _interopRequireDefault(obj) { return obj && obj.__esModule ? obj : { default: obj }; }","","function _classCallCheck(instance, Constructor) { if (!(instance instanceof Constructor)) { throw new TypeError(\"Cannot call a class as a function\"); } }","","function _possibleConstructorReturn(self, call) { if (!self) { throw new ReferenceError(\"this hasn't been initialised - super() hasn't been called\"); } return call && (typeof call === \"object\" || typeof call === \"function\") ? call : self; }","","function _inherits(subClass, superClass) { if (typeof superClass !== \"function\" && superClass !== null) { throw new TypeError(\"Super expression must either be null or a function, not \" + typeof superClass); } subClass.prototype = Object.create(superClass && superClass.prototype, { constructor: { value: subClass, enumerable: false, writable: true, configurable: true } }); if (superClass) Object.setPrototypeOf ? Object.setPrototypeOf(subClass, superClass) : subClass.__proto__ = superClass; }","","var babelPluginFlowReactPropTypes_proptype_Theme = require('./ThemeProvider').babelPluginFlowReactPropTypes_proptype_Theme || require('react').PropTypes.any;","","var babelPluginFlowReactPropTypes_proptype_Target = require('../types').babelPluginFlowReactPropTypes_proptype_Target || require('react').PropTypes.any;","","var babelPluginFlowReactPropTypes_proptype_RuleSet = require('../types').babelPluginFlowReactPropTypes_proptype_RuleSet || require('react').PropTypes.any;","","var createStyledNativeComponent = function createStyledNativeComponent(target, rules, parent) {","  /* Handle styled(OtherStyledNativeComponent) differently */","  var isStyledNativeComponent = _AbstractStyledComponent2.default.isPrototypeOf(target);","  if (isStyledNativeComponent && !(0, _isTag2.default)(target)) {","    return createStyledNativeComponent(target.target, target.rules.concat(rules), target);","  }","","  var inlineStyle = new _InlineStyle2.default(rules);","  var ParentComponent = parent || _AbstractStyledComponent2.default;","","  // $FlowFixMe need to convince flow that ParentComponent can't be string here","","  var StyledNativeComponent = function (_ParentComponent) {","    _inherits(StyledNativeComponent, _ParentComponent);","","    function StyledNativeComponent() {","      var _ref;","","      var _temp, _this, _ret;","","      _classCallCheck(this, StyledNativeComponent);","","      for (var _len = arguments.length, args = Array(_len), _key = 0; _key < _len; _key++) {","        args[_key] = arguments[_key];","      }","","      return _ret = (_temp = (_this = _possibleConstructorReturn(this, (_ref = StyledNativeComponent.__proto__ || Object.getPrototypeOf(StyledNativeComponent)).call.apply(_ref, [this].concat(args))), _this), _this.state = {","        theme: {},","        generatedStyles: undefined","      }, _temp), _possibleConstructorReturn(_this, _ret);","    }","","    _createClass(StyledNativeComponent, [{","      key: 'componentWillMount',","      value: function componentWillMount() {","        var _this2 = this;","","        // If there is a theme in the context, subscribe to the event emitter. This","        // is necessary due to pure components blocking context updates, this circumvents","        // that by updating when an event is emitted","        if (this.context[_ThemeProvider.CHANNEL]) {","          var subscribe = this.context[_ThemeProvider.CHANNEL];","          this.unsubscribe = subscribe(function (nextTheme) {","            // This will be called once immediately","","            // Props should take precedence over ThemeProvider, which should take precedence over","            // defaultProps, but React automatically puts defaultProps on props.","            var defaultProps = _this2.constructor.defaultProps;","","            var isDefaultTheme = defaultProps && _this2.props.theme === defaultProps.theme;","            var theme = _this2.props.theme && !isDefaultTheme ? _this2.props.theme : nextTheme;","            var generatedStyles = _this2.generateAndInjectStyles(theme, _this2.props);","            _this2.setState({ generatedStyles: generatedStyles, theme: theme });","          });","        } else {","          var _theme = this.props.theme || {};","          var generatedStyles = this.generateAndInjectStyles(_theme, this.props);","          this.setState({ generatedStyles: generatedStyles, theme: _theme });","        }","      }","    }, {","      key: 'componentWillReceiveProps',","      value: function componentWillReceiveProps(nextProps) {","        var _this3 = this;","","        this.setState(function (oldState) {","          // Props should take precedence over ThemeProvider, which should take precedence over","          // defaultProps, but React automatically puts defaultProps on props.","          var defaultProps = _this3.constructor.defaultProps;","","          var isDefaultTheme = defaultProps && nextProps.theme === defaultProps.theme;","          var theme = nextProps.theme && !isDefaultTheme ? nextProps.theme : oldState.theme;","          var generatedStyles = _this3.generateAndInjectStyles(theme, nextProps);","","          return { theme: theme, generatedStyles: generatedStyles };","        });","      }","    }, {","      key: 'componentWillUnmount',","      value: function componentWillUnmount() {","        if (this.unsubscribe) {","          this.unsubscribe();","        }","      }","    }, {","      key: 'setNativeProps',","      value: function setNativeProps(nativeProps) {","        var root = typeof this.root === 'string' ? this.refs[this.root] : this.root;","","        root.setNativeProps(nativeProps);","      }","    }, {","      key: 'generateRef',","      value: function generateRef() {","        var _this4 = this;","","        var innerRef = this.props.innerRef;","","        var innerRefType = typeof innerRef === 'undefined' ? 'undefined' : _typeof(innerRef);","","        if (innerRefType === 'string') {","          this.root = innerRef;","          return innerRef;","        }","","        return function (component) {","          _this4.root = component;","","          if (innerRefType === 'function') {","            innerRef(component);","          }","        };","      }","    }, {","      key: 'generateAndInjectStyles',","      value: function generateAndInjectStyles(theme, props) {","        var executionContext = _extends({}, props, { theme: theme });","        return inlineStyle.generateStyleObject(executionContext);","      }","      /* eslint-disable react/prop-types */","","    }, {","      key: 'render',","      value: function render() {","        var _props = this.props,","            style = _props.style,","            children = _props.children;","        var generatedStyles = this.state.generatedStyles;","","","        var propsForElement = _extends({}, this.props);","        /* Allow passed in style to be an array or an object */","        propsForElement.style = [generatedStyles].concat(style);","","        propsForElement.ref = this.generateRef();","        if ((0, _isTag2.default)(target)) delete propsForElement.innerRef;","","        return (0, _react.createElement)(target, propsForElement, children);","      }","    }]);","","    return StyledNativeComponent;","  }(ParentComponent);","","  /* Used for inheritance */","","","  StyledNativeComponent.rules = rules;","  StyledNativeComponent.target = target;","  StyledNativeComponent.displayName = (0, _isTag2.default)(target) ? 'styled.' + target : 'Styled(' + target.displayName + ')';","","  return StyledNativeComponent;","};","","exports.default = createStyledNativeComponent;","module.exports = exports['default'];"],"l":{"3":2,"7":2,"9":2,"11":2,"13":2,"15":2,"17":2,"19":2,"21":2,"23":0,"25":0,"27":0,"29":2,"31":1,"33":1,"35":1,"37":0,"39":0,"41":0,"43":0,"45":0,"46":0,"47":0,"50":0,"51":0,"55":0,"56":0,"58":1,"59":0,"61":0,"63":0,"65":0,"66":0,"69":0,"75":0,"78":0,"83":0,"84":0,"85":0,"90":0,"92":0,"93":0,"94":0,"95":0,"98":0,"99":0,"100":0,"106":0,"108":0,"111":0,"113":0,"114":0,"115":0,"117":0,"123":0,"124":0,"130":0,"132":0,"137":0,"139":0,"141":0,"143":0,"144":0,"145":0,"148":0,"149":0,"151":0,"152":0,"159":0,"160":0,"167":0,"170":0,"173":0,"175":0,"177":0,"178":0,"180":0,"184":0,"190":0,"191":0,"192":0,"194":0,"197":0,"198":0}}}